<?xml version="1.0" encoding="UTF-8"?>
<coverage generated="1619222506392" clover="3.2.0">
  <project timestamp="1619222506392" name="All files">
    <metrics statements="296" coveredstatements="268" conditionals="66" coveredconditionals="45" methods="58" coveredmethods="54" elements="420" coveredelements="367" complexity="0" loc="296" ncloc="296" packages="1" files="5" classes="5"/>
    <file name="about.js" path="C:\Users\paulm\Code Institute\CodeInstitute-MilestoneProject2-BicepMusicFanSite\assets\js\about.js">
      <metrics statements="61" coveredstatements="55" conditionals="2" coveredconditionals="0" methods="12" coveredmethods="11"/>
      <line num="3" count="2" type="stmt"/>
      <line num="4" count="2" type="stmt"/>
      <line num="5" count="2" type="stmt"/>
      <line num="6" count="2" type="stmt"/>
      <line num="7" count="2" type="stmt"/>
      <line num="13" count="2" type="stmt"/>
      <line num="14" count="2" type="stmt"/>
      <line num="23" count="2" type="stmt"/>
      <line num="24" count="2" type="stmt"/>
      <line num="30" count="2" type="stmt"/>
      <line num="31" count="2" type="stmt"/>
      <line num="35" count="2" type="stmt"/>
      <line num="37" count="2" type="stmt"/>
      <line num="43" count="2" type="stmt"/>
      <line num="44" count="2" type="stmt"/>
      <line num="48" count="2" type="stmt"/>
      <line num="49" count="2" type="stmt"/>
      <line num="55" count="2" type="stmt"/>
      <line num="56" count="2" type="stmt"/>
      <line num="61" count="2" type="stmt"/>
      <line num="62" count="2" type="stmt"/>
      <line num="71" count="2" type="stmt"/>
      <line num="72" count="2" type="stmt"/>
      <line num="73" count="2" type="stmt"/>
      <line num="74" count="2" type="stmt"/>
      <line num="75" count="24" type="stmt"/>
      <line num="76" count="24" type="stmt"/>
      <line num="78" count="24" type="stmt"/>
      <line num="81" count="2" type="stmt"/>
      <line num="82" count="2" type="stmt"/>
      <line num="83" count="2" type="stmt"/>
      <line num="84" count="2" type="stmt"/>
      <line num="94" count="2" type="stmt"/>
      <line num="95" count="2" type="stmt"/>
      <line num="96" count="2" type="stmt"/>
      <line num="97" count="2" type="stmt"/>
      <line num="98" count="20" type="stmt"/>
      <line num="99" count="20" type="stmt"/>
      <line num="101" count="20" type="stmt"/>
      <line num="104" count="2" type="stmt"/>
      <line num="105" count="2" type="stmt"/>
      <line num="106" count="2" type="stmt"/>
      <line num="107" count="2" type="stmt"/>
      <line num="115" count="4" type="stmt"/>
      <line num="116" count="4" type="stmt"/>
      <line num="117" count="20" type="stmt"/>
      <line num="125" count="2" type="stmt"/>
      <line num="126" count="0" type="stmt"/>
      <line num="127" count="0" type="stmt"/>
      <line num="128" count="0" type="cond" truecount="0" falsecount="2"/>
      <line num="129" count="0" type="stmt"/>
      <line num="130" count="0" type="stmt"/>
      <line num="131" count="0" type="stmt"/>
      <line num="139" count="2" type="stmt"/>
      <line num="140" count="2" type="stmt"/>
      <line num="141" count="2" type="stmt"/>
      <line num="144" count="2" type="stmt"/>
      <line num="145" count="2" type="stmt"/>
      <line num="146" count="2" type="stmt"/>
      <line num="149" count="2" type="stmt"/>
      <line num="150" count="2" type="stmt"/>
    </file>
    <file name="events.js" path="C:\Users\paulm\Code Institute\CodeInstitute-MilestoneProject2-BicepMusicFanSite\assets\js\events.js">
      <metrics statements="103" coveredstatements="90" conditionals="34" coveredconditionals="24" methods="21" coveredmethods="19"/>
      <line num="2" count="2" type="stmt"/>
      <line num="5" count="2" type="stmt"/>
      <line num="17" count="2" type="cond" truecount="1" falsecount="1"/>
      <line num="18" count="0" type="stmt"/>
      <line num="19" count="0" type="stmt"/>
      <line num="21" count="2" type="cond" truecount="1" falsecount="1"/>
      <line num="22" count="0" type="cond" truecount="0" falsecount="2"/>
      <line num="23" count="0" type="stmt"/>
      <line num="28" count="2" type="stmt"/>
      <line num="35" count="2" type="stmt"/>
      <line num="36" count="2" type="stmt"/>
      <line num="37" count="2" type="stmt"/>
      <line num="41" count="0" type="stmt"/>
      <line num="56" count="18" type="cond" truecount="1" falsecount="1"/>
      <line num="57" count="0" type="stmt"/>
      <line num="58" count="0" type="stmt"/>
      <line num="60" count="18" type="cond" truecount="2" falsecount="0"/>
      <line num="61" count="16" type="cond" truecount="1" falsecount="1"/>
      <line num="62" count="0" type="stmt"/>
      <line num="68" count="18" type="stmt"/>
      <line num="75" count="18" type="stmt"/>
      <line num="76" count="18" type="stmt"/>
      <line num="77" count="18" type="stmt"/>
      <line num="81" count="0" type="stmt"/>
      <line num="91" count="20" type="stmt"/>
      <line num="92" count="20" type="stmt"/>
      <line num="93" count="20" type="stmt"/>
      <line num="95" count="20" type="stmt"/>
      <line num="96" count="38" type="stmt"/>
      <line num="97" count="38" type="stmt"/>
      <line num="98" count="38" type="stmt"/>
      <line num="99" count="38" type="stmt"/>
      <line num="100" count="38" type="stmt"/>
      <line num="101" count="38" type="cond" truecount="2" falsecount="0"/>
      <line num="102" count="20" type="stmt"/>
      <line num="103" count="20" type="stmt"/>
      <line num="104" count="20" type="stmt"/>
      <line num="105" count="20" type="stmt"/>
      <line num="108" count="18" type="stmt"/>
      <line num="109" count="18" type="stmt"/>
      <line num="111" count="18" type="stmt"/>
      <line num="112" count="18" type="stmt"/>
      <line num="115" count="0" type="stmt"/>
      <line num="117" count="38" type="stmt"/>
      <line num="129" count="38" type="stmt"/>
      <line num="133" count="38" type="stmt"/>
      <line num="134" count="38" type="stmt"/>
      <line num="146" count="38" type="stmt"/>
      <line num="147" count="38" type="cond" truecount="2" falsecount="0"/>
      <line num="148" count="24" type="stmt"/>
      <line num="149" count="24" type="stmt"/>
      <line num="154" count="14" type="stmt"/>
      <line num="165" count="2" type="stmt"/>
      <line num="166" count="2" type="stmt"/>
      <line num="167" count="10" type="cond" truecount="2" falsecount="0"/>
      <line num="168" count="2" type="stmt"/>
      <line num="169" count="2" type="stmt"/>
      <line num="172" count="8" type="stmt"/>
      <line num="180" count="8" type="cond" truecount="1" falsecount="1"/>
      <line num="181" count="0" type="stmt"/>
      <line num="183" count="8" type="stmt"/>
      <line num="185" count="8" type="cond" truecount="2" falsecount="0"/>
      <line num="186" count="6" type="stmt"/>
      <line num="188" count="2" type="stmt"/>
      <line num="195" count="8" type="cond" truecount="2" falsecount="0"/>
      <line num="196" count="2" type="stmt"/>
      <line num="198" count="6" type="stmt"/>
      <line num="200" count="8" type="cond" truecount="1" falsecount="1"/>
      <line num="201" count="8" type="stmt"/>
      <line num="208" count="2" type="cond" truecount="1" falsecount="1"/>
      <line num="209" count="0" type="stmt"/>
      <line num="211" count="2" type="stmt"/>
      <line num="214" count="2" type="cond" truecount="1" falsecount="1"/>
      <line num="215" count="0" type="stmt"/>
      <line num="217" count="2" type="stmt"/>
      <line num="224" count="18" type="cond" truecount="2" falsecount="0"/>
      <line num="225" count="16" type="stmt"/>
      <line num="227" count="2" type="stmt"/>
      <line num="234" count="18" type="cond" truecount="2" falsecount="0"/>
      <line num="235" count="16" type="stmt"/>
      <line num="237" count="2" type="stmt"/>
      <line num="246" count="2" type="stmt"/>
      <line num="247" count="2" type="stmt"/>
      <line num="248" count="2" type="stmt"/>
      <line num="249" count="2" type="stmt"/>
      <line num="251" count="2" type="stmt"/>
      <line num="252" count="2" type="stmt"/>
      <line num="260" count="2" type="stmt"/>
      <line num="261" count="2" type="stmt"/>
      <line num="262" count="2" type="stmt"/>
      <line num="269" count="2" type="stmt"/>
      <line num="270" count="2" type="stmt"/>
      <line num="271" count="2" type="stmt"/>
      <line num="277" count="2" type="stmt"/>
      <line num="278" count="8" type="stmt"/>
      <line num="279" count="8" type="stmt"/>
      <line num="280" count="8" type="stmt"/>
      <line num="287" count="2" type="stmt"/>
      <line num="288" count="8" type="stmt"/>
      <line num="289" count="8" type="stmt"/>
      <line num="290" count="8" type="stmt"/>
      <line num="291" count="8" type="stmt"/>
      <line num="294" count="2" type="stmt"/>
    </file>
    <file name="questions.js" path="C:\Users\paulm\Code Institute\CodeInstitute-MilestoneProject2-BicepMusicFanSite\assets\js\questions.js">
      <metrics statements="1" coveredstatements="1" conditionals="0" coveredconditionals="0" methods="0" coveredmethods="0"/>
      <line num="1" count="4" type="stmt"/>
    </file>
    <file name="quiz.js" path="C:\Users\paulm\Code Institute\CodeInstitute-MilestoneProject2-BicepMusicFanSite\assets\js\quiz.js">
      <metrics statements="124" coveredstatements="116" conditionals="30" coveredconditionals="21" methods="21" coveredmethods="21"/>
      <line num="3" count="4" type="stmt"/>
      <line num="4" count="4" type="stmt"/>
      <line num="5" count="4" type="stmt"/>
      <line num="6" count="4" type="stmt"/>
      <line num="14" count="4" type="stmt"/>
      <line num="15" count="4" type="stmt"/>
      <line num="16" count="4" type="stmt"/>
      <line num="17" count="4" type="stmt"/>
      <line num="18" count="4" type="stmt"/>
      <line num="19" count="4" type="stmt"/>
      <line num="20" count="4" type="stmt"/>
      <line num="21" count="4" type="stmt"/>
      <line num="22" count="4" type="stmt"/>
      <line num="23" count="4" type="stmt"/>
      <line num="24" count="4" type="stmt"/>
      <line num="29" count="4" type="stmt"/>
      <line num="30" count="4" type="stmt"/>
      <line num="31" count="4" type="stmt"/>
      <line num="38" count="79" type="stmt"/>
      <line num="45" count="2" type="stmt"/>
      <line num="46" count="2" type="cond" truecount="1" falsecount="1"/>
      <line num="47" count="0" type="stmt"/>
      <line num="55" count="4" type="stmt"/>
      <line num="62" count="6" type="cond" truecount="1" falsecount="1"/>
      <line num="63" count="0" type="stmt"/>
      <line num="66" count="6" type="stmt"/>
      <line num="67" count="6" type="stmt"/>
      <line num="75" count="24" type="stmt"/>
      <line num="76" count="24" type="stmt"/>
      <line num="77" count="24" type="stmt"/>
      <line num="78" count="24" type="cond" truecount="2" falsecount="0"/>
      <line num="79" count="2" type="stmt"/>
      <line num="80" count="2" type="stmt"/>
      <line num="81" count="2" type="stmt"/>
      <line num="82" count="2" type="stmt"/>
      <line num="83" count="2" type="stmt"/>
      <line num="84" count="2" type="stmt"/>
      <line num="85" count="2" type="stmt"/>
      <line num="86" count="2" type="stmt"/>
      <line num="87" count="2" type="stmt"/>
      <line num="89" count="2" type="stmt"/>
      <line num="90" count="2" type="stmt"/>
      <line num="91" count="2" type="stmt"/>
      <line num="92" count="2" type="stmt"/>
      <line num="93" count="2" type="stmt"/>
      <line num="95" count="22" type="stmt"/>
      <line num="96" count="22" type="stmt"/>
      <line num="97" count="22" type="stmt"/>
      <line num="105" count="22" type="stmt"/>
      <line num="107" count="22" type="stmt"/>
      <line num="108" count="22" type="stmt"/>
      <line num="109" count="22" type="stmt"/>
      <line num="110" count="22" type="stmt"/>
      <line num="111" count="22" type="stmt"/>
      <line num="113" count="22" type="stmt"/>
      <line num="114" count="22" type="stmt"/>
      <line num="115" count="22" type="stmt"/>
      <line num="116" count="22" type="stmt"/>
      <line num="117" count="22" type="stmt"/>
      <line num="124" count="22" type="stmt"/>
      <line num="125" count="22" type="stmt"/>
      <line num="126" count="22" type="stmt"/>
      <line num="134" count="2" type="stmt"/>
      <line num="135" count="2" type="stmt"/>
      <line num="136" count="20" type="cond" truecount="2" falsecount="0"/>
      <line num="137" count="5" type="stmt"/>
      <line num="138" count="5" type="stmt"/>
      <line num="140" count="5" type="stmt"/>
      <line num="142" count="5" type="stmt"/>
      <line num="144" count="5" type="stmt"/>
      <line num="147" count="15" type="stmt"/>
      <line num="148" count="15" type="stmt"/>
      <line num="150" count="15" type="stmt"/>
      <line num="152" count="15" type="stmt"/>
      <line num="154" count="15" type="stmt"/>
      <line num="163" count="20" type="stmt"/>
      <line num="165" count="20" type="stmt"/>
      <line num="166" count="80" type="cond" truecount="2" falsecount="0"/>
      <line num="167" count="20" type="stmt"/>
      <line num="168" count="20" type="stmt"/>
      <line num="169" count="20" type="stmt"/>
      <line num="170" count="20" type="stmt"/>
      <line num="173" count="20" type="cond" truecount="2" falsecount="0"/>
      <line num="174" count="5" type="stmt"/>
      <line num="177" count="15" type="stmt"/>
      <line num="179" count="20" type="stmt"/>
      <line num="182" count="20" type="stmt"/>
      <line num="183" count="20" type="cond" truecount="2" falsecount="0"/>
      <line num="184" count="5" type="stmt"/>
      <line num="187" count="15" type="stmt"/>
      <line num="189" count="20" type="stmt"/>
      <line num="190" count="20" type="stmt"/>
      <line num="197" count="20" type="stmt"/>
      <line num="199" count="20" type="stmt"/>
      <line num="200" count="80" type="stmt"/>
      <line num="202" count="20" type="stmt"/>
      <line num="210" count="20" type="stmt"/>
      <line num="211" count="80" type="cond" truecount="2" falsecount="0"/>
      <line num="212" count="20" type="stmt"/>
      <line num="221" count="15" type="stmt"/>
      <line num="222" count="60" type="cond" truecount="2" falsecount="0"/>
      <line num="223" count="15" type="stmt"/>
      <line num="232" count="24" type="stmt"/>
      <line num="233" count="24" type="cond" truecount="1" falsecount="1"/>
      <line num="234" count="0" type="stmt"/>
      <line num="235" count="0" type="stmt"/>
      <line num="236" count="0" type="cond" truecount="0" falsecount="2"/>
      <line num="237" count="0" type="stmt"/>
      <line num="240" count="24" type="cond" truecount="3" falsecount="3"/>
      <line num="241" count="24" type="stmt"/>
      <line num="248" count="28" type="stmt"/>
      <line num="255" count="2" type="stmt"/>
      <line num="261" count="4" type="stmt"/>
      <line num="262" count="20" type="stmt"/>
      <line num="263" count="20" type="stmt"/>
      <line num="264" count="20" type="cond" truecount="1" falsecount="1"/>
      <line num="265" count="0" type="stmt"/>
      <line num="266" count="0" type="stmt"/>
      <line num="268" count="20" type="stmt"/>
      <line num="273" count="4" type="stmt"/>
      <line num="274" count="4" type="stmt"/>
      <line num="275" count="4" type="stmt"/>
      <line num="276" count="4" type="stmt"/>
      <line num="277" count="4" type="stmt"/>
    </file>
    <file name="sendEmail.js" path="C:\Users\paulm\Code Institute\CodeInstitute-MilestoneProject2-BicepMusicFanSite\assets\js\sendEmail.js">
      <metrics statements="7" coveredstatements="6" conditionals="0" coveredconditionals="0" methods="4" coveredmethods="3"/>
      <line num="7" count="2" type="stmt"/>
      <line num="8" count="2" type="stmt"/>
      <line num="13" count="2" type="stmt"/>
      <line num="16" count="0" type="stmt"/>
      <line num="19" count="2" type="stmt"/>
      <line num="23" count="6" type="stmt"/>
      <line num="24" count="2" type="stmt"/>
    </file>
  </project>
</coverage>
