<?xml version="1.0" encoding="UTF-8"?>
<coverage generated="1619316320155" clover="3.2.0">
  <project timestamp="1619316320155" name="All files">
    <metrics statements="296" coveredstatements="279" conditionals="66" coveredconditionals="51" methods="58" coveredmethods="55" elements="420" coveredelements="385" complexity="0" loc="296" ncloc="296" packages="1" files="5" classes="5"/>
    <file name="about.js" path="C:\Users\paulm\Code Institute\CodeInstitute-MilestoneProject2-BicepMusicFanSite\assets\js\about.js">
      <metrics statements="61" coveredstatements="61" conditionals="2" coveredconditionals="2" methods="12" coveredmethods="12"/>
      <line num="3" count="4" type="stmt"/>
      <line num="4" count="4" type="stmt"/>
      <line num="5" count="4" type="stmt"/>
      <line num="6" count="4" type="stmt"/>
      <line num="7" count="4" type="stmt"/>
      <line num="13" count="4" type="stmt"/>
      <line num="14" count="4" type="stmt"/>
      <line num="23" count="4" type="stmt"/>
      <line num="24" count="4" type="stmt"/>
      <line num="30" count="4" type="stmt"/>
      <line num="31" count="4" type="stmt"/>
      <line num="35" count="4" type="stmt"/>
      <line num="37" count="4" type="stmt"/>
      <line num="43" count="4" type="stmt"/>
      <line num="44" count="4" type="stmt"/>
      <line num="48" count="4" type="stmt"/>
      <line num="49" count="4" type="stmt"/>
      <line num="55" count="4" type="stmt"/>
      <line num="56" count="4" type="stmt"/>
      <line num="61" count="4" type="stmt"/>
      <line num="62" count="4" type="stmt"/>
      <line num="71" count="4" type="stmt"/>
      <line num="72" count="4" type="stmt"/>
      <line num="73" count="4" type="stmt"/>
      <line num="74" count="4" type="stmt"/>
      <line num="75" count="48" type="stmt"/>
      <line num="76" count="48" type="stmt"/>
      <line num="78" count="48" type="stmt"/>
      <line num="81" count="4" type="stmt"/>
      <line num="82" count="4" type="stmt"/>
      <line num="83" count="4" type="stmt"/>
      <line num="84" count="4" type="stmt"/>
      <line num="94" count="4" type="stmt"/>
      <line num="95" count="4" type="stmt"/>
      <line num="96" count="4" type="stmt"/>
      <line num="97" count="4" type="stmt"/>
      <line num="98" count="40" type="stmt"/>
      <line num="99" count="40" type="stmt"/>
      <line num="101" count="40" type="stmt"/>
      <line num="104" count="4" type="stmt"/>
      <line num="105" count="4" type="stmt"/>
      <line num="106" count="4" type="stmt"/>
      <line num="107" count="4" type="stmt"/>
      <line num="115" count="8" type="stmt"/>
      <line num="116" count="8" type="stmt"/>
      <line num="117" count="40" type="stmt"/>
      <line num="125" count="4" type="stmt"/>
      <line num="126" count="40" type="stmt"/>
      <line num="127" count="40" type="stmt"/>
      <line num="128" count="400" type="cond" truecount="2" falsecount="0"/>
      <line num="129" count="40" type="stmt"/>
      <line num="130" count="40" type="stmt"/>
      <line num="131" count="40" type="stmt"/>
      <line num="139" count="4" type="stmt"/>
      <line num="140" count="4" type="stmt"/>
      <line num="141" count="4" type="stmt"/>
      <line num="144" count="4" type="stmt"/>
      <line num="145" count="4" type="stmt"/>
      <line num="146" count="4" type="stmt"/>
      <line num="149" count="4" type="stmt"/>
      <line num="150" count="4" type="stmt"/>
    </file>
    <file name="events.js" path="C:\Users\paulm\Code Institute\CodeInstitute-MilestoneProject2-BicepMusicFanSite\assets\js\events.js">
      <metrics statements="103" coveredstatements="91" conditionals="34" coveredconditionals="25" methods="21" coveredmethods="19"/>
      <line num="2" count="4" type="stmt"/>
      <line num="5" count="4" type="stmt"/>
      <line num="17" count="4" type="cond" truecount="1" falsecount="1"/>
      <line num="18" count="0" type="stmt"/>
      <line num="19" count="0" type="stmt"/>
      <line num="21" count="4" type="cond" truecount="1" falsecount="1"/>
      <line num="22" count="0" type="cond" truecount="0" falsecount="2"/>
      <line num="23" count="0" type="stmt"/>
      <line num="28" count="4" type="stmt"/>
      <line num="35" count="4" type="stmt"/>
      <line num="36" count="4" type="stmt"/>
      <line num="37" count="4" type="stmt"/>
      <line num="41" count="0" type="stmt"/>
      <line num="56" count="48" type="cond" truecount="1" falsecount="1"/>
      <line num="57" count="0" type="stmt"/>
      <line num="58" count="0" type="stmt"/>
      <line num="60" count="48" type="cond" truecount="2" falsecount="0"/>
      <line num="61" count="44" type="cond" truecount="1" falsecount="1"/>
      <line num="62" count="0" type="stmt"/>
      <line num="68" count="48" type="stmt"/>
      <line num="75" count="48" type="stmt"/>
      <line num="76" count="48" type="stmt"/>
      <line num="77" count="48" type="stmt"/>
      <line num="81" count="0" type="stmt"/>
      <line num="91" count="52" type="stmt"/>
      <line num="92" count="52" type="stmt"/>
      <line num="93" count="52" type="stmt"/>
      <line num="95" count="52" type="stmt"/>
      <line num="96" count="96" type="stmt"/>
      <line num="97" count="96" type="stmt"/>
      <line num="98" count="96" type="stmt"/>
      <line num="99" count="96" type="stmt"/>
      <line num="100" count="96" type="stmt"/>
      <line num="101" count="96" type="cond" truecount="2" falsecount="0"/>
      <line num="102" count="52" type="stmt"/>
      <line num="103" count="52" type="stmt"/>
      <line num="104" count="52" type="stmt"/>
      <line num="105" count="52" type="stmt"/>
      <line num="108" count="44" type="stmt"/>
      <line num="109" count="44" type="stmt"/>
      <line num="111" count="44" type="stmt"/>
      <line num="112" count="44" type="stmt"/>
      <line num="115" count="0" type="stmt"/>
      <line num="117" count="96" type="stmt"/>
      <line num="129" count="96" type="stmt"/>
      <line num="133" count="96" type="stmt"/>
      <line num="134" count="96" type="stmt"/>
      <line num="146" count="96" type="stmt"/>
      <line num="147" count="88" type="cond" truecount="2" falsecount="0"/>
      <line num="148" count="84" type="stmt"/>
      <line num="149" count="84" type="stmt"/>
      <line num="154" count="4" type="stmt"/>
      <line num="165" count="4" type="stmt"/>
      <line num="166" count="4" type="stmt"/>
      <line num="167" count="20" type="cond" truecount="2" falsecount="0"/>
      <line num="168" count="4" type="stmt"/>
      <line num="169" count="4" type="stmt"/>
      <line num="172" count="16" type="stmt"/>
      <line num="180" count="16" type="cond" truecount="1" falsecount="1"/>
      <line num="181" count="0" type="stmt"/>
      <line num="183" count="16" type="stmt"/>
      <line num="185" count="16" type="cond" truecount="2" falsecount="0"/>
      <line num="186" count="12" type="stmt"/>
      <line num="188" count="4" type="stmt"/>
      <line num="195" count="16" type="cond" truecount="2" falsecount="0"/>
      <line num="196" count="4" type="stmt"/>
      <line num="198" count="12" type="stmt"/>
      <line num="200" count="16" type="cond" truecount="1" falsecount="1"/>
      <line num="201" count="16" type="stmt"/>
      <line num="208" count="16" type="cond" truecount="2" falsecount="0"/>
      <line num="209" count="4" type="stmt"/>
      <line num="211" count="12" type="stmt"/>
      <line num="214" count="16" type="cond" truecount="1" falsecount="1"/>
      <line num="215" count="0" type="stmt"/>
      <line num="217" count="16" type="stmt"/>
      <line num="224" count="48" type="cond" truecount="2" falsecount="0"/>
      <line num="225" count="44" type="stmt"/>
      <line num="227" count="4" type="stmt"/>
      <line num="234" count="48" type="cond" truecount="2" falsecount="0"/>
      <line num="235" count="40" type="stmt"/>
      <line num="237" count="8" type="stmt"/>
      <line num="246" count="4" type="stmt"/>
      <line num="247" count="16" type="stmt"/>
      <line num="248" count="16" type="stmt"/>
      <line num="249" count="16" type="stmt"/>
      <line num="251" count="16" type="stmt"/>
      <line num="252" count="16" type="stmt"/>
      <line num="260" count="4" type="stmt"/>
      <line num="261" count="4" type="stmt"/>
      <line num="262" count="4" type="stmt"/>
      <line num="269" count="4" type="stmt"/>
      <line num="270" count="4" type="stmt"/>
      <line num="271" count="4" type="stmt"/>
      <line num="277" count="4" type="stmt"/>
      <line num="278" count="16" type="stmt"/>
      <line num="279" count="16" type="stmt"/>
      <line num="280" count="16" type="stmt"/>
      <line num="287" count="4" type="stmt"/>
      <line num="288" count="16" type="stmt"/>
      <line num="289" count="16" type="stmt"/>
      <line num="290" count="16" type="stmt"/>
      <line num="291" count="16" type="stmt"/>
      <line num="294" count="4" type="stmt"/>
    </file>
    <file name="questions.js" path="C:\Users\paulm\Code Institute\CodeInstitute-MilestoneProject2-BicepMusicFanSite\assets\js\questions.js">
      <metrics statements="1" coveredstatements="1" conditionals="0" coveredconditionals="0" methods="0" coveredmethods="0"/>
      <line num="1" count="11" type="stmt"/>
    </file>
    <file name="quiz.js" path="C:\Users\paulm\Code Institute\CodeInstitute-MilestoneProject2-BicepMusicFanSite\assets\js\quiz.js">
      <metrics statements="124" coveredstatements="120" conditionals="30" coveredconditionals="24" methods="21" coveredmethods="21"/>
      <line num="3" count="11" type="stmt"/>
      <line num="4" count="11" type="stmt"/>
      <line num="5" count="11" type="stmt"/>
      <line num="6" count="11" type="stmt"/>
      <line num="14" count="11" type="stmt"/>
      <line num="15" count="11" type="stmt"/>
      <line num="16" count="11" type="stmt"/>
      <line num="17" count="11" type="stmt"/>
      <line num="18" count="11" type="stmt"/>
      <line num="19" count="11" type="stmt"/>
      <line num="20" count="11" type="stmt"/>
      <line num="21" count="11" type="stmt"/>
      <line num="22" count="11" type="stmt"/>
      <line num="23" count="11" type="stmt"/>
      <line num="24" count="11" type="stmt"/>
      <line num="29" count="11" type="stmt"/>
      <line num="30" count="11" type="stmt"/>
      <line num="31" count="11" type="stmt"/>
      <line num="38" count="237" type="stmt"/>
      <line num="45" count="8" type="stmt"/>
      <line num="46" count="8" type="cond" truecount="2" falsecount="0"/>
      <line num="47" count="4" type="stmt"/>
      <line num="55" count="11" type="stmt"/>
      <line num="62" count="19" type="cond" truecount="2" falsecount="0"/>
      <line num="63" count="5" type="stmt"/>
      <line num="66" count="14" type="stmt"/>
      <line num="67" count="14" type="stmt"/>
      <line num="75" count="100" type="stmt"/>
      <line num="76" count="100" type="stmt"/>
      <line num="77" count="100" type="stmt"/>
      <line num="78" count="100" type="cond" truecount="2" falsecount="0"/>
      <line num="79" count="8" type="stmt"/>
      <line num="80" count="8" type="stmt"/>
      <line num="81" count="8" type="stmt"/>
      <line num="82" count="8" type="stmt"/>
      <line num="83" count="8" type="stmt"/>
      <line num="84" count="8" type="stmt"/>
      <line num="85" count="8" type="stmt"/>
      <line num="86" count="8" type="stmt"/>
      <line num="87" count="8" type="stmt"/>
      <line num="89" count="8" type="stmt"/>
      <line num="90" count="8" type="stmt"/>
      <line num="91" count="8" type="stmt"/>
      <line num="92" count="8" type="stmt"/>
      <line num="93" count="8" type="stmt"/>
      <line num="95" count="92" type="stmt"/>
      <line num="96" count="92" type="stmt"/>
      <line num="97" count="92" type="stmt"/>
      <line num="105" count="92" type="stmt"/>
      <line num="107" count="92" type="stmt"/>
      <line num="108" count="92" type="stmt"/>
      <line num="109" count="92" type="stmt"/>
      <line num="110" count="92" type="stmt"/>
      <line num="111" count="92" type="stmt"/>
      <line num="113" count="92" type="stmt"/>
      <line num="114" count="92" type="stmt"/>
      <line num="115" count="92" type="stmt"/>
      <line num="116" count="92" type="stmt"/>
      <line num="117" count="92" type="stmt"/>
      <line num="124" count="92" type="stmt"/>
      <line num="125" count="92" type="stmt"/>
      <line num="126" count="92" type="stmt"/>
      <line num="134" count="8" type="stmt"/>
      <line num="135" count="8" type="stmt"/>
      <line num="136" count="80" type="cond" truecount="2" falsecount="0"/>
      <line num="137" count="20" type="stmt"/>
      <line num="138" count="20" type="stmt"/>
      <line num="140" count="20" type="stmt"/>
      <line num="142" count="20" type="stmt"/>
      <line num="144" count="20" type="stmt"/>
      <line num="147" count="60" type="stmt"/>
      <line num="148" count="60" type="stmt"/>
      <line num="150" count="60" type="stmt"/>
      <line num="152" count="60" type="stmt"/>
      <line num="154" count="60" type="stmt"/>
      <line num="163" count="89" type="stmt"/>
      <line num="165" count="89" type="stmt"/>
      <line num="166" count="356" type="cond" truecount="2" falsecount="0"/>
      <line num="167" count="89" type="stmt"/>
      <line num="168" count="89" type="stmt"/>
      <line num="169" count="89" type="stmt"/>
      <line num="170" count="89" type="stmt"/>
      <line num="173" count="89" type="cond" truecount="2" falsecount="0"/>
      <line num="174" count="21" type="stmt"/>
      <line num="177" count="68" type="stmt"/>
      <line num="179" count="89" type="stmt"/>
      <line num="182" count="89" type="stmt"/>
      <line num="183" count="89" type="cond" truecount="2" falsecount="0"/>
      <line num="184" count="21" type="stmt"/>
      <line num="187" count="68" type="stmt"/>
      <line num="189" count="89" type="stmt"/>
      <line num="190" count="89" type="stmt"/>
      <line num="197" count="89" type="stmt"/>
      <line num="199" count="89" type="stmt"/>
      <line num="200" count="356" type="stmt"/>
      <line num="202" count="89" type="stmt"/>
      <line num="210" count="89" type="stmt"/>
      <line num="211" count="356" type="cond" truecount="2" falsecount="0"/>
      <line num="212" count="89" type="stmt"/>
      <line num="221" count="68" type="stmt"/>
      <line num="222" count="272" type="cond" truecount="2" falsecount="0"/>
      <line num="223" count="68" type="stmt"/>
      <line num="232" count="151" type="stmt"/>
      <line num="233" count="151" type="cond" truecount="1" falsecount="1"/>
      <line num="234" count="0" type="stmt"/>
      <line num="235" count="0" type="stmt"/>
      <line num="236" count="0" type="cond" truecount="0" falsecount="2"/>
      <line num="237" count="0" type="stmt"/>
      <line num="240" count="151" type="cond" truecount="3" falsecount="3"/>
      <line num="241" count="151" type="stmt"/>
      <line num="248" count="162" type="stmt"/>
      <line num="255" count="8" type="stmt"/>
      <line num="261" count="11" type="stmt"/>
      <line num="262" count="92" type="stmt"/>
      <line num="263" count="92" type="stmt"/>
      <line num="264" count="92" type="cond" truecount="2" falsecount="0"/>
      <line num="265" count="3" type="stmt"/>
      <line num="266" count="3" type="stmt"/>
      <line num="268" count="89" type="stmt"/>
      <line num="273" count="11" type="stmt"/>
      <line num="274" count="11" type="stmt"/>
      <line num="275" count="11" type="stmt"/>
      <line num="276" count="11" type="stmt"/>
      <line num="277" count="11" type="stmt"/>
    </file>
    <file name="sendEmail.js" path="C:\Users\paulm\Code Institute\CodeInstitute-MilestoneProject2-BicepMusicFanSite\assets\js\sendEmail.js">
      <metrics statements="7" coveredstatements="6" conditionals="0" coveredconditionals="0" methods="4" coveredmethods="3"/>
      <line num="7" count="3" type="stmt"/>
      <line num="8" count="3" type="stmt"/>
      <line num="13" count="3" type="stmt"/>
      <line num="16" count="0" type="stmt"/>
      <line num="19" count="3" type="stmt"/>
      <line num="23" count="13" type="stmt"/>
      <line num="24" count="3" type="stmt"/>
    </file>
  </project>
</coverage>
