{"C:\\Users\\paulm\\Code Institute\\CodeInstitute-MilestoneProject2-BicepMusicFanSite\\assets\\js\\about.js": {"path":"C:\\Users\\paulm\\Code Institute\\CodeInstitute-MilestoneProject2-BicepMusicFanSite\\assets\\js\\about.js","statementMap":{"0":{"start":{"line":3,"column":17},"end":{"line":3,"column":51}},"1":{"start":{"line":4,"column":21},"end":{"line":4,"column":55}},"2":{"start":{"line":5,"column":22},"end":{"line":5,"column":46}},"3":{"start":{"line":6,"column":19},"end":{"line":6,"column":43}},"4":{"start":{"line":7,"column":19},"end":{"line":7,"column":43}},"5":{"start":{"line":13,"column":15},"end":{"line":25,"column":5}},"6":{"start":{"line":14,"column":23},"end":{"line":21,"column":10}},"7":{"start":{"line":23,"column":21},"end":{"line":23,"column":40}},"8":{"start":{"line":24,"column":8},"end":{"line":24,"column":20}},"9":{"start":{"line":30,"column":19},"end":{"line":38,"column":1}},"10":{"start":{"line":31,"column":23},"end":{"line":34,"column":10}},"11":{"start":{"line":35,"column":21},"end":{"line":35,"column":40}},"12":{"start":{"line":37,"column":8},"end":{"line":37,"column":20}},"13":{"start":{"line":43,"column":17},"end":{"line":50,"column":1}},"14":{"start":{"line":44,"column":19},"end":{"line":47,"column":6}},"15":{"start":{"line":48,"column":17},"end":{"line":48,"column":36}},"16":{"start":{"line":49,"column":4},"end":{"line":49,"column":16}},"17":{"start":{"line":55,"column":17},"end":{"line":63,"column":1}},"18":{"start":{"line":56,"column":19},"end":{"line":60,"column":6}},"19":{"start":{"line":61,"column":17},"end":{"line":61,"column":36}},"20":{"start":{"line":62,"column":4},"end":{"line":62,"column":16}},"21":{"start":{"line":71,"column":13},"end":{"line":71,"column":112}},"22":{"start":{"line":72,"column":4},"end":{"line":72,"column":35}},"23":{"start":{"line":73,"column":22},"end":{"line":73,"column":39}},"24":{"start":{"line":74,"column":4},"end":{"line":79,"column":5}},"25":{"start":{"line":74,"column":14},"end":{"line":74,"column":15}},"26":{"start":{"line":75,"column":20},"end":{"line":75,"column":39}},"27":{"start":{"line":76,"column":19},"end":{"line":76,"column":55}},"28":{"start":{"line":78,"column":8},"end":{"line":78,"column":166}},"29":{"start":{"line":81,"column":4},"end":{"line":81,"column":73}},"30":{"start":{"line":82,"column":4},"end":{"line":82,"column":89}},"31":{"start":{"line":83,"column":4},"end":{"line":83,"column":75}},"32":{"start":{"line":84,"column":4},"end":{"line":84,"column":88}},"33":{"start":{"line":94,"column":13},"end":{"line":94,"column":112}},"34":{"start":{"line":95,"column":4},"end":{"line":95,"column":35}},"35":{"start":{"line":96,"column":22},"end":{"line":96,"column":39}},"36":{"start":{"line":97,"column":4},"end":{"line":102,"column":5}},"37":{"start":{"line":97,"column":14},"end":{"line":97,"column":15}},"38":{"start":{"line":98,"column":20},"end":{"line":98,"column":39}},"39":{"start":{"line":99,"column":19},"end":{"line":99,"column":55}},"40":{"start":{"line":101,"column":8},"end":{"line":101,"column":164}},"41":{"start":{"line":104,"column":4},"end":{"line":104,"column":73}},"42":{"start":{"line":105,"column":4},"end":{"line":105,"column":89}},"43":{"start":{"line":106,"column":4},"end":{"line":106,"column":75}},"44":{"start":{"line":107,"column":4},"end":{"line":107,"column":88}},"45":{"start":{"line":115,"column":4},"end":{"line":115,"column":28}},"46":{"start":{"line":116,"column":4},"end":{"line":118,"column":5}},"47":{"start":{"line":116,"column":17},"end":{"line":116,"column":18}},"48":{"start":{"line":117,"column":8},"end":{"line":117,"column":104}},"49":{"start":{"line":125,"column":0},"end":{"line":134,"column":3}},"50":{"start":{"line":126,"column":31},"end":{"line":126,"column":45}},"51":{"start":{"line":127,"column":4},"end":{"line":133,"column":5}},"52":{"start":{"line":127,"column":14},"end":{"line":127,"column":15}},"53":{"start":{"line":128,"column":7},"end":{"line":132,"column":9}},"54":{"start":{"line":129,"column":12},"end":{"line":129,"column":101}},"55":{"start":{"line":130,"column":12},"end":{"line":130,"column":63}},"56":{"start":{"line":131,"column":12},"end":{"line":131,"column":42}},"57":{"start":{"line":139,"column":1},"end":{"line":152,"column":3}},"58":{"start":{"line":140,"column":4},"end":{"line":142,"column":7}},"59":{"start":{"line":141,"column":8},"end":{"line":141,"column":31}},"60":{"start":{"line":144,"column":4},"end":{"line":147,"column":7}},"61":{"start":{"line":145,"column":8},"end":{"line":145,"column":34}},"62":{"start":{"line":146,"column":8},"end":{"line":146,"column":31}},"63":{"start":{"line":149,"column":4},"end":{"line":151,"column":7}},"64":{"start":{"line":150,"column":8},"end":{"line":150,"column":34}}},"fnMap":{"0":{"name":"(anonymous_0)","decl":{"start":{"line":13,"column":15},"end":{"line":13,"column":16}},"loc":{"start":{"line":13,"column":27},"end":{"line":25,"column":5}},"line":13},"1":{"name":"(anonymous_1)","decl":{"start":{"line":30,"column":19},"end":{"line":30,"column":20}},"loc":{"start":{"line":30,"column":36},"end":{"line":38,"column":1}},"line":30},"2":{"name":"(anonymous_2)","decl":{"start":{"line":43,"column":17},"end":{"line":43,"column":18}},"loc":{"start":{"line":43,"column":34},"end":{"line":50,"column":1}},"line":43},"3":{"name":"(anonymous_3)","decl":{"start":{"line":55,"column":17},"end":{"line":55,"column":18}},"loc":{"start":{"line":55,"column":34},"end":{"line":63,"column":1}},"line":55},"4":{"name":"displayAlbum1","decl":{"start":{"line":69,"column":9},"end":{"line":69,"column":22}},"loc":{"start":{"line":69,"column":28},"end":{"line":85,"column":1}},"line":69},"5":{"name":"displayAlbum2","decl":{"start":{"line":92,"column":9},"end":{"line":92,"column":22}},"loc":{"start":{"line":92,"column":28},"end":{"line":108,"column":1}},"line":92},"6":{"name":"displayTopTracks","decl":{"start":{"line":114,"column":9},"end":{"line":114,"column":25}},"loc":{"start":{"line":114,"column":31},"end":{"line":119,"column":1}},"line":114},"7":{"name":"topTrackClicked","decl":{"start":{"line":125,"column":54},"end":{"line":125,"column":69}},"loc":{"start":{"line":125,"column":76},"end":{"line":134,"column":1}},"line":125},"8":{"name":"(anonymous_8)","decl":{"start":{"line":139,"column":17},"end":{"line":139,"column":18}},"loc":{"start":{"line":139,"column":30},"end":{"line":152,"column":1}},"line":139},"9":{"name":"(anonymous_9)","decl":{"start":{"line":140,"column":45},"end":{"line":140,"column":46}},"loc":{"start":{"line":140,"column":55},"end":{"line":142,"column":5}},"line":140},"10":{"name":"(anonymous_10)","decl":{"start":{"line":144,"column":45},"end":{"line":144,"column":46}},"loc":{"start":{"line":144,"column":55},"end":{"line":147,"column":5}},"line":144},"11":{"name":"(anonymous_11)","decl":{"start":{"line":149,"column":47},"end":{"line":149,"column":48}},"loc":{"start":{"line":149,"column":57},"end":{"line":151,"column":5}},"line":149}},"branchMap":{"0":{"loc":{"start":{"line":128,"column":7},"end":{"line":132,"column":9}},"type":"if","locations":[{"start":{"line":128,"column":7},"end":{"line":132,"column":9}},{"start":{"line":128,"column":7},"end":{"line":132,"column":9}}],"line":128}},"s":{"0":2,"1":2,"2":2,"3":2,"4":2,"5":2,"6":2,"7":2,"8":2,"9":2,"10":2,"11":2,"12":2,"13":2,"14":2,"15":2,"16":2,"17":2,"18":2,"19":2,"20":2,"21":2,"22":2,"23":2,"24":2,"25":2,"26":24,"27":24,"28":24,"29":2,"30":2,"31":2,"32":2,"33":2,"34":2,"35":2,"36":2,"37":2,"38":20,"39":20,"40":20,"41":2,"42":2,"43":2,"44":2,"45":4,"46":4,"47":4,"48":20,"49":2,"50":0,"51":0,"52":0,"53":0,"54":0,"55":0,"56":0,"57":2,"58":2,"59":2,"60":2,"61":2,"62":2,"63":2,"64":2},"f":{"0":2,"1":2,"2":2,"3":2,"4":2,"5":2,"6":4,"7":0,"8":2,"9":2,"10":2,"11":2},"b":{"0":[0,0]},"_coverageSchema":"1a1c01bbd47fc00a2c39e90264f33305004495a9","hash":"f3e1db6266d5b5762fe463f8f33c79abcad32b19"}
,"C:\\Users\\paulm\\Code Institute\\CodeInstitute-MilestoneProject2-BicepMusicFanSite\\assets\\js\\events.js": {"path":"C:\\Users\\paulm\\Code Institute\\CodeInstitute-MilestoneProject2-BicepMusicFanSite\\assets\\js\\events.js","statementMap":{"0":{"start":{"line":2,"column":11},"end":{"line":2,"column":12}},"1":{"start":{"line":5,"column":27},"end":{"line":5,"column":61}},"2":{"start":{"line":17,"column":4},"end":{"line":20,"column":5}},"3":{"start":{"line":18,"column":8},"end":{"line":18,"column":17}},"4":{"start":{"line":19,"column":8},"end":{"line":19,"column":15}},"5":{"start":{"line":21,"column":4},"end":{"line":25,"column":5}},"6":{"start":{"line":22,"column":8},"end":{"line":24,"column":9}},"7":{"start":{"line":23,"column":12},"end":{"line":23,"column":21}},"8":{"start":{"line":28,"column":4},"end":{"line":43,"column":7}},"9":{"start":{"line":35,"column":12},"end":{"line":35,"column":32}},"10":{"start":{"line":36,"column":12},"end":{"line":36,"column":40}},"11":{"start":{"line":37,"column":12},"end":{"line":37,"column":35}},"12":{"start":{"line":41,"column":12},"end":{"line":41,"column":29}},"13":{"start":{"line":56,"column":4},"end":{"line":59,"column":5}},"14":{"start":{"line":57,"column":8},"end":{"line":57,"column":17}},"15":{"start":{"line":58,"column":8},"end":{"line":58,"column":15}},"16":{"start":{"line":60,"column":4},"end":{"line":64,"column":5}},"17":{"start":{"line":61,"column":8},"end":{"line":63,"column":9}},"18":{"start":{"line":62,"column":12},"end":{"line":62,"column":21}},"19":{"start":{"line":68,"column":4},"end":{"line":83,"column":7}},"20":{"start":{"line":75,"column":12},"end":{"line":75,"column":32}},"21":{"start":{"line":76,"column":12},"end":{"line":76,"column":40}},"22":{"start":{"line":77,"column":12},"end":{"line":77,"column":35}},"23":{"start":{"line":81,"column":12},"end":{"line":81,"column":29}},"24":{"start":{"line":91,"column":16},"end":{"line":91,"column":46}},"25":{"start":{"line":92,"column":17},"end":{"line":92,"column":46}},"26":{"start":{"line":93,"column":15},"end":{"line":93,"column":28}},"27":{"start":{"line":95,"column":4},"end":{"line":118,"column":5}},"28":{"start":{"line":95,"column":17},"end":{"line":95,"column":18}},"29":{"start":{"line":96,"column":8},"end":{"line":96,"column":61}},"30":{"start":{"line":97,"column":8},"end":{"line":97,"column":75}},"31":{"start":{"line":98,"column":25},"end":{"line":98,"column":56}},"32":{"start":{"line":99,"column":8},"end":{"line":99,"column":66}},"33":{"start":{"line":100,"column":8},"end":{"line":116,"column":9}},"34":{"start":{"line":101,"column":12},"end":{"line":113,"column":13}},"35":{"start":{"line":102,"column":16},"end":{"line":102,"column":139}},"36":{"start":{"line":103,"column":16},"end":{"line":103,"column":136}},"37":{"start":{"line":104,"column":29},"end":{"line":104,"column":111}},"38":{"start":{"line":105,"column":16},"end":{"line":105,"column":40}},"39":{"start":{"line":108,"column":16},"end":{"line":108,"column":137}},"40":{"start":{"line":109,"column":16},"end":{"line":109,"column":138}},"41":{"start":{"line":111,"column":29},"end":{"line":111,"column":111}},"42":{"start":{"line":112,"column":16},"end":{"line":112,"column":40}},"43":{"start":{"line":115,"column":12},"end":{"line":115,"column":29}},"44":{"start":{"line":117,"column":8},"end":{"line":117,"column":27}},"45":{"start":{"line":129,"column":16},"end":{"line":132,"column":6}},"46":{"start":{"line":133,"column":21},"end":{"line":133,"column":47}},"47":{"start":{"line":134,"column":8},"end":{"line":134,"column":47}},"48":{"start":{"line":146,"column":4},"end":{"line":156,"column":7}},"49":{"start":{"line":147,"column":6},"end":{"line":155,"column":7}},"50":{"start":{"line":148,"column":8},"end":{"line":148,"column":59}},"51":{"start":{"line":149,"column":8},"end":{"line":152,"column":11}},"52":{"start":{"line":154,"column":8},"end":{"line":154,"column":80}},"53":{"start":{"line":165,"column":24},"end":{"line":165,"column":52}},"54":{"start":{"line":166,"column":4},"end":{"line":174,"column":5}},"55":{"start":{"line":166,"column":17},"end":{"line":166,"column":18}},"56":{"start":{"line":167,"column":8},"end":{"line":173,"column":9}},"57":{"start":{"line":168,"column":12},"end":{"line":168,"column":93}},"58":{"start":{"line":169,"column":12},"end":{"line":169,"column":57}},"59":{"start":{"line":172,"column":12},"end":{"line":172,"column":93}},"60":{"start":{"line":180,"column":4},"end":{"line":184,"column":5}},"61":{"start":{"line":181,"column":8},"end":{"line":181,"column":26}},"62":{"start":{"line":183,"column":8},"end":{"line":183,"column":26}},"63":{"start":{"line":185,"column":4},"end":{"line":189,"column":5}},"64":{"start":{"line":186,"column":8},"end":{"line":186,"column":30}},"65":{"start":{"line":188,"column":8},"end":{"line":188,"column":30}},"66":{"start":{"line":195,"column":4},"end":{"line":199,"column":5}},"67":{"start":{"line":196,"column":8},"end":{"line":196,"column":26}},"68":{"start":{"line":198,"column":8},"end":{"line":198,"column":26}},"69":{"start":{"line":200,"column":4},"end":{"line":202,"column":5}},"70":{"start":{"line":201,"column":8},"end":{"line":201,"column":30}},"71":{"start":{"line":208,"column":4},"end":{"line":212,"column":5}},"72":{"start":{"line":209,"column":8},"end":{"line":209,"column":26}},"73":{"start":{"line":211,"column":8},"end":{"line":211,"column":26}},"74":{"start":{"line":214,"column":4},"end":{"line":218,"column":5}},"75":{"start":{"line":215,"column":8},"end":{"line":215,"column":30}},"76":{"start":{"line":217,"column":8},"end":{"line":217,"column":30}},"77":{"start":{"line":224,"column":4},"end":{"line":228,"column":5}},"78":{"start":{"line":225,"column":8},"end":{"line":225,"column":20}},"79":{"start":{"line":227,"column":8},"end":{"line":227,"column":21}},"80":{"start":{"line":234,"column":4},"end":{"line":238,"column":5}},"81":{"start":{"line":235,"column":8},"end":{"line":235,"column":20}},"82":{"start":{"line":237,"column":8},"end":{"line":237,"column":21}},"83":{"start":{"line":246,"column":0},"end":{"line":253,"column":3}},"84":{"start":{"line":247,"column":30},"end":{"line":247,"column":44}},"85":{"start":{"line":248,"column":4},"end":{"line":248,"column":31}},"86":{"start":{"line":249,"column":4},"end":{"line":250,"column":42}},"87":{"start":{"line":251,"column":4},"end":{"line":251,"column":52}},"88":{"start":{"line":252,"column":4},"end":{"line":252,"column":33}},"89":{"start":{"line":260,"column":0},"end":{"line":263,"column":3}},"90":{"start":{"line":261,"column":3},"end":{"line":261,"column":26}},"91":{"start":{"line":262,"column":3},"end":{"line":262,"column":35}},"92":{"start":{"line":269,"column":0},"end":{"line":272,"column":4}},"93":{"start":{"line":270,"column":4},"end":{"line":270,"column":27}},"94":{"start":{"line":271,"column":4},"end":{"line":271,"column":36}},"95":{"start":{"line":277,"column":1},"end":{"line":282,"column":3}},"96":{"start":{"line":278,"column":4},"end":{"line":278,"column":52}},"97":{"start":{"line":279,"column":4},"end":{"line":279,"column":73}},"98":{"start":{"line":280,"column":4},"end":{"line":281,"column":45}},"99":{"start":{"line":287,"column":0},"end":{"line":292,"column":3}},"100":{"start":{"line":288,"column":4},"end":{"line":288,"column":73}},"101":{"start":{"line":289,"column":13},"end":{"line":289,"column":21}},"102":{"start":{"line":290,"column":4},"end":{"line":290,"column":52}},"103":{"start":{"line":291,"column":4},"end":{"line":291,"column":71}},"104":{"start":{"line":294,"column":0},"end":{"line":294,"column":35}}},"fnMap":{"0":{"name":"getEvents","decl":{"start":{"line":15,"column":9},"end":{"line":15,"column":18}},"loc":{"start":{"line":15,"column":35},"end":{"line":44,"column":1}},"line":15},"1":{"name":"(anonymous_1)","decl":{"start":{"line":34,"column":17},"end":{"line":34,"column":18}},"loc":{"start":{"line":34,"column":32},"end":{"line":38,"column":9}},"line":34},"2":{"name":"(anonymous_2)","decl":{"start":{"line":39,"column":15},"end":{"line":39,"column":16}},"loc":{"start":{"line":39,"column":42},"end":{"line":42,"column":9}},"line":39},"3":{"name":"getEventsForSubsequentPages","decl":{"start":{"line":54,"column":9},"end":{"line":54,"column":36}},"loc":{"start":{"line":54,"column":53},"end":{"line":84,"column":1}},"line":54},"4":{"name":"(anonymous_4)","decl":{"start":{"line":74,"column":17},"end":{"line":74,"column":18}},"loc":{"start":{"line":74,"column":32},"end":{"line":78,"column":9}},"line":74},"5":{"name":"(anonymous_5)","decl":{"start":{"line":79,"column":15},"end":{"line":79,"column":16}},"loc":{"start":{"line":79,"column":42},"end":{"line":82,"column":9}},"line":79},"6":{"name":"displayEvents","decl":{"start":{"line":90,"column":9},"end":{"line":90,"column":22}},"loc":{"start":{"line":90,"column":37},"end":{"line":119,"column":1}},"line":90},"7":{"name":"initMap","decl":{"start":{"line":128,"column":9},"end":{"line":128,"column":16}},"loc":{"start":{"line":128,"column":33},"end":{"line":135,"column":3}},"line":128},"8":{"name":"geocodeAddress","decl":{"start":{"line":145,"column":11},"end":{"line":145,"column":25}},"loc":{"start":{"line":145,"column":57},"end":{"line":157,"column":3}},"line":145},"9":{"name":"(anonymous_9)","decl":{"start":{"line":146,"column":43},"end":{"line":146,"column":44}},"loc":{"start":{"line":146,"column":64},"end":{"line":156,"column":5}},"line":146},"10":{"name":"displayPagination","decl":{"start":{"line":164,"column":9},"end":{"line":164,"column":26}},"loc":{"start":{"line":164,"column":41},"end":{"line":175,"column":1}},"line":164},"11":{"name":"updatePaginationWhenPreviousClicked","decl":{"start":{"line":179,"column":11},"end":{"line":179,"column":46}},"loc":{"start":{"line":179,"column":49},"end":{"line":190,"column":1}},"line":179},"12":{"name":"updatePaginationWhenNextClicked","decl":{"start":{"line":194,"column":9},"end":{"line":194,"column":40}},"loc":{"start":{"line":194,"column":43},"end":{"line":203,"column":1}},"line":194},"13":{"name":"updatePaginationWhenPageSelected","decl":{"start":{"line":207,"column":9},"end":{"line":207,"column":41}},"loc":{"start":{"line":207,"column":44},"end":{"line":219,"column":1}},"line":207},"14":{"name":"isPrevAvailable","decl":{"start":{"line":223,"column":9},"end":{"line":223,"column":24}},"loc":{"start":{"line":223,"column":27},"end":{"line":229,"column":1}},"line":223},"15":{"name":"isNextAvailable","decl":{"start":{"line":233,"column":9},"end":{"line":233,"column":24}},"loc":{"start":{"line":233,"column":27},"end":{"line":239,"column":1}},"line":233},"16":{"name":"eventPageClicked","decl":{"start":{"line":246,"column":55},"end":{"line":246,"column":71}},"loc":{"start":{"line":246,"column":74},"end":{"line":253,"column":1}},"line":246},"17":{"name":"(anonymous_17)","decl":{"start":{"line":260,"column":26},"end":{"line":260,"column":27}},"loc":{"start":{"line":260,"column":42},"end":{"line":263,"column":1}},"line":260},"18":{"name":"(anonymous_18)","decl":{"start":{"line":269,"column":26},"end":{"line":269,"column":27}},"loc":{"start":{"line":269,"column":42},"end":{"line":272,"column":2}},"line":269},"19":{"name":"previousButtonClicked","decl":{"start":{"line":277,"column":47},"end":{"line":277,"column":68}},"loc":{"start":{"line":277,"column":71},"end":{"line":282,"column":1}},"line":277},"20":{"name":"nextButtonClicked","decl":{"start":{"line":287,"column":42},"end":{"line":287,"column":59}},"loc":{"start":{"line":287,"column":62},"end":{"line":292,"column":1}},"line":287}},"branchMap":{"0":{"loc":{"start":{"line":17,"column":4},"end":{"line":20,"column":5}},"type":"if","locations":[{"start":{"line":17,"column":4},"end":{"line":20,"column":5}},{"start":{"line":17,"column":4},"end":{"line":20,"column":5}}],"line":17},"1":{"loc":{"start":{"line":21,"column":4},"end":{"line":25,"column":5}},"type":"if","locations":[{"start":{"line":21,"column":4},"end":{"line":25,"column":5}},{"start":{"line":21,"column":4},"end":{"line":25,"column":5}}],"line":21},"2":{"loc":{"start":{"line":22,"column":8},"end":{"line":24,"column":9}},"type":"if","locations":[{"start":{"line":22,"column":8},"end":{"line":24,"column":9}},{"start":{"line":22,"column":8},"end":{"line":24,"column":9}}],"line":22},"3":{"loc":{"start":{"line":56,"column":4},"end":{"line":59,"column":5}},"type":"if","locations":[{"start":{"line":56,"column":4},"end":{"line":59,"column":5}},{"start":{"line":56,"column":4},"end":{"line":59,"column":5}}],"line":56},"4":{"loc":{"start":{"line":60,"column":4},"end":{"line":64,"column":5}},"type":"if","locations":[{"start":{"line":60,"column":4},"end":{"line":64,"column":5}},{"start":{"line":60,"column":4},"end":{"line":64,"column":5}}],"line":60},"5":{"loc":{"start":{"line":61,"column":8},"end":{"line":63,"column":9}},"type":"if","locations":[{"start":{"line":61,"column":8},"end":{"line":63,"column":9}},{"start":{"line":61,"column":8},"end":{"line":63,"column":9}}],"line":61},"6":{"loc":{"start":{"line":101,"column":12},"end":{"line":113,"column":13}},"type":"if","locations":[{"start":{"line":101,"column":12},"end":{"line":113,"column":13}},{"start":{"line":101,"column":12},"end":{"line":113,"column":13}}],"line":101},"7":{"loc":{"start":{"line":147,"column":6},"end":{"line":155,"column":7}},"type":"if","locations":[{"start":{"line":147,"column":6},"end":{"line":155,"column":7}},{"start":{"line":147,"column":6},"end":{"line":155,"column":7}}],"line":147},"8":{"loc":{"start":{"line":167,"column":8},"end":{"line":173,"column":9}},"type":"if","locations":[{"start":{"line":167,"column":8},"end":{"line":173,"column":9}},{"start":{"line":167,"column":8},"end":{"line":173,"column":9}}],"line":167},"9":{"loc":{"start":{"line":180,"column":4},"end":{"line":184,"column":5}},"type":"if","locations":[{"start":{"line":180,"column":4},"end":{"line":184,"column":5}},{"start":{"line":180,"column":4},"end":{"line":184,"column":5}}],"line":180},"10":{"loc":{"start":{"line":185,"column":4},"end":{"line":189,"column":5}},"type":"if","locations":[{"start":{"line":185,"column":4},"end":{"line":189,"column":5}},{"start":{"line":185,"column":4},"end":{"line":189,"column":5}}],"line":185},"11":{"loc":{"start":{"line":195,"column":4},"end":{"line":199,"column":5}},"type":"if","locations":[{"start":{"line":195,"column":4},"end":{"line":199,"column":5}},{"start":{"line":195,"column":4},"end":{"line":199,"column":5}}],"line":195},"12":{"loc":{"start":{"line":200,"column":4},"end":{"line":202,"column":5}},"type":"if","locations":[{"start":{"line":200,"column":4},"end":{"line":202,"column":5}},{"start":{"line":200,"column":4},"end":{"line":202,"column":5}}],"line":200},"13":{"loc":{"start":{"line":208,"column":4},"end":{"line":212,"column":5}},"type":"if","locations":[{"start":{"line":208,"column":4},"end":{"line":212,"column":5}},{"start":{"line":208,"column":4},"end":{"line":212,"column":5}}],"line":208},"14":{"loc":{"start":{"line":214,"column":4},"end":{"line":218,"column":5}},"type":"if","locations":[{"start":{"line":214,"column":4},"end":{"line":218,"column":5}},{"start":{"line":214,"column":4},"end":{"line":218,"column":5}}],"line":214},"15":{"loc":{"start":{"line":224,"column":4},"end":{"line":228,"column":5}},"type":"if","locations":[{"start":{"line":224,"column":4},"end":{"line":228,"column":5}},{"start":{"line":224,"column":4},"end":{"line":228,"column":5}}],"line":224},"16":{"loc":{"start":{"line":234,"column":4},"end":{"line":238,"column":5}},"type":"if","locations":[{"start":{"line":234,"column":4},"end":{"line":238,"column":5}},{"start":{"line":234,"column":4},"end":{"line":238,"column":5}}],"line":234}},"s":{"0":2,"1":2,"2":2,"3":0,"4":0,"5":2,"6":0,"7":0,"8":2,"9":2,"10":2,"11":2,"12":0,"13":18,"14":0,"15":0,"16":18,"17":16,"18":0,"19":18,"20":18,"21":18,"22":18,"23":0,"24":20,"25":20,"26":20,"27":20,"28":20,"29":38,"30":38,"31":38,"32":38,"33":38,"34":38,"35":20,"36":20,"37":20,"38":20,"39":18,"40":18,"41":18,"42":18,"43":0,"44":38,"45":38,"46":38,"47":38,"48":38,"49":38,"50":24,"51":24,"52":14,"53":2,"54":2,"55":2,"56":10,"57":2,"58":2,"59":8,"60":8,"61":0,"62":8,"63":8,"64":6,"65":2,"66":8,"67":2,"68":6,"69":8,"70":8,"71":2,"72":0,"73":2,"74":2,"75":0,"76":2,"77":18,"78":16,"79":2,"80":18,"81":16,"82":2,"83":2,"84":2,"85":2,"86":2,"87":2,"88":2,"89":2,"90":2,"91":2,"92":2,"93":2,"94":2,"95":2,"96":8,"97":8,"98":8,"99":2,"100":8,"101":8,"102":8,"103":8,"104":2},"f":{"0":2,"1":2,"2":0,"3":18,"4":18,"5":0,"6":20,"7":38,"8":38,"9":38,"10":2,"11":8,"12":8,"13":2,"14":18,"15":18,"16":2,"17":2,"18":2,"19":8,"20":8},"b":{"0":[0,2],"1":[0,2],"2":[0,0],"3":[0,18],"4":[16,2],"5":[0,16],"6":[20,18],"7":[24,14],"8":[2,8],"9":[0,8],"10":[6,2],"11":[2,6],"12":[8,0],"13":[0,2],"14":[0,2],"15":[16,2],"16":[16,2]},"_coverageSchema":"1a1c01bbd47fc00a2c39e90264f33305004495a9","hash":"6c990f37fd300807694163d828276d6d358f6964"}
,"C:\\Users\\paulm\\Code Institute\\CodeInstitute-MilestoneProject2-BicepMusicFanSite\\assets\\js\\questions.js": {"path":"C:\\Users\\paulm\\Code Institute\\CodeInstitute-MilestoneProject2-BicepMusicFanSite\\assets\\js\\questions.js","statementMap":{"0":{"start":{"line":1,"column":16},"end":{"line":92,"column":1}}},"fnMap":{},"branchMap":{},"s":{"0":4},"f":{},"b":{},"_coverageSchema":"1a1c01bbd47fc00a2c39e90264f33305004495a9","hash":"976570542ea3d37b73c2cefe8645ff1b336f7693"}
,"C:\\Users\\paulm\\Code Institute\\CodeInstitute-MilestoneProject2-BicepMusicFanSite\\assets\\js\\quiz.js": {"path":"C:\\Users\\paulm\\Code Institute\\CodeInstitute-MilestoneProject2-BicepMusicFanSite\\assets\\js\\quiz.js","statementMap":{"0":{"start":{"line":3,"column":15},"end":{"line":3,"column":16}},"1":{"start":{"line":4,"column":21},"end":{"line":4,"column":22}},"2":{"start":{"line":5,"column":17},"end":{"line":5,"column":18}},"3":{"start":{"line":6,"column":22},"end":{"line":6,"column":23}},"4":{"start":{"line":14,"column":17},"end":{"line":14,"column":19}},"5":{"start":{"line":15,"column":0},"end":{"line":15,"column":19}},"6":{"start":{"line":16,"column":0},"end":{"line":16,"column":19}},"7":{"start":{"line":17,"column":0},"end":{"line":17,"column":19}},"8":{"start":{"line":18,"column":0},"end":{"line":18,"column":19}},"9":{"start":{"line":19,"column":0},"end":{"line":19,"column":19}},"10":{"start":{"line":20,"column":0},"end":{"line":20,"column":19}},"11":{"start":{"line":21,"column":0},"end":{"line":21,"column":19}},"12":{"start":{"line":22,"column":0},"end":{"line":22,"column":19}},"13":{"start":{"line":23,"column":0},"end":{"line":23,"column":19}},"14":{"start":{"line":24,"column":0},"end":{"line":24,"column":19}},"15":{"start":{"line":29,"column":12},"end":{"line":29,"column":44}},"16":{"start":{"line":30,"column":14},"end":{"line":30,"column":15}},"17":{"start":{"line":31,"column":14},"end":{"line":31,"column":15}},"18":{"start":{"line":38,"column":2},"end":{"line":38,"column":64}},"19":{"start":{"line":38,"column":43},"end":{"line":38,"column":62}},"20":{"start":{"line":45,"column":20},"end":{"line":45,"column":54}},"21":{"start":{"line":46,"column":2},"end":{"line":48,"column":3}},"22":{"start":{"line":47,"column":4},"end":{"line":47,"column":55}},"23":{"start":{"line":55,"column":2},"end":{"line":55,"column":44}},"24":{"start":{"line":62,"column":3},"end":{"line":68,"column":4}},"25":{"start":{"line":63,"column":4},"end":{"line":63,"column":27}},"26":{"start":{"line":66,"column":4},"end":{"line":66,"column":27}},"27":{"start":{"line":67,"column":4},"end":{"line":67,"column":77}},"28":{"start":{"line":75,"column":2},"end":{"line":75,"column":23}},"29":{"start":{"line":76,"column":18},"end":{"line":76,"column":49}},"30":{"start":{"line":77,"column":2},"end":{"line":77,"column":38}},"31":{"start":{"line":78,"column":2},"end":{"line":94,"column":3}},"32":{"start":{"line":79,"column":4},"end":{"line":79,"column":98}},"33":{"start":{"line":80,"column":4},"end":{"line":80,"column":32}},"34":{"start":{"line":81,"column":4},"end":{"line":81,"column":22}},"35":{"start":{"line":82,"column":4},"end":{"line":82,"column":29}},"36":{"start":{"line":83,"column":4},"end":{"line":83,"column":26}},"37":{"start":{"line":84,"column":4},"end":{"line":84,"column":30}},"38":{"start":{"line":85,"column":4},"end":{"line":85,"column":31}},"39":{"start":{"line":86,"column":4},"end":{"line":86,"column":31}},"40":{"start":{"line":87,"column":4},"end":{"line":87,"column":62}},"41":{"start":{"line":89,"column":4},"end":{"line":89,"column":25}},"42":{"start":{"line":90,"column":4},"end":{"line":90,"column":16}},"43":{"start":{"line":91,"column":4},"end":{"line":91,"column":17}},"44":{"start":{"line":92,"column":4},"end":{"line":92,"column":23}},"45":{"start":{"line":93,"column":4},"end":{"line":93,"column":17}},"46":{"start":{"line":95,"column":0},"end":{"line":95,"column":21}},"47":{"start":{"line":96,"column":0},"end":{"line":96,"column":19}},"48":{"start":{"line":97,"column":0},"end":{"line":97,"column":58}},"49":{"start":{"line":105,"column":2},"end":{"line":105,"column":85}},"50":{"start":{"line":107,"column":2},"end":{"line":107,"column":42}},"51":{"start":{"line":108,"column":2},"end":{"line":108,"column":44}},"52":{"start":{"line":109,"column":2},"end":{"line":109,"column":44}},"53":{"start":{"line":110,"column":2},"end":{"line":110,"column":46}},"54":{"start":{"line":111,"column":2},"end":{"line":111,"column":45}},"55":{"start":{"line":113,"column":2},"end":{"line":113,"column":69}},"56":{"start":{"line":114,"column":2},"end":{"line":114,"column":38}},"57":{"start":{"line":115,"column":2},"end":{"line":115,"column":38}},"58":{"start":{"line":116,"column":2},"end":{"line":116,"column":40}},"59":{"start":{"line":117,"column":2},"end":{"line":117,"column":39}},"60":{"start":{"line":124,"column":2},"end":{"line":124,"column":31}},"61":{"start":{"line":125,"column":2},"end":{"line":125,"column":44}},"62":{"start":{"line":126,"column":2},"end":{"line":127,"column":37}},"63":{"start":{"line":134,"column":10},"end":{"line":134,"column":11}},"64":{"start":{"line":135,"column":4},"end":{"line":156,"column":5}},"65":{"start":{"line":136,"column":6},"end":{"line":155,"column":7}},"66":{"start":{"line":137,"column":8},"end":{"line":137,"column":37}},"67":{"start":{"line":138,"column":8},"end":{"line":139,"column":35}},"68":{"start":{"line":140,"column":8},"end":{"line":141,"column":35}},"69":{"start":{"line":142,"column":8},"end":{"line":143,"column":35}},"70":{"start":{"line":144,"column":8},"end":{"line":144,"column":38}},"71":{"start":{"line":147,"column":8},"end":{"line":147,"column":37}},"72":{"start":{"line":148,"column":8},"end":{"line":149,"column":35}},"73":{"start":{"line":150,"column":8},"end":{"line":151,"column":36}},"74":{"start":{"line":152,"column":8},"end":{"line":153,"column":35}},"75":{"start":{"line":154,"column":8},"end":{"line":154,"column":37}},"76":{"start":{"line":163,"column":2},"end":{"line":163,"column":50}},"77":{"start":{"line":165,"column":2},"end":{"line":181,"column":3}},"78":{"start":{"line":165,"column":19},"end":{"line":165,"column":20}},"79":{"start":{"line":166,"column":4},"end":{"line":180,"column":5}},"80":{"start":{"line":167,"column":6},"end":{"line":167,"column":67}},"81":{"start":{"line":168,"column":6},"end":{"line":168,"column":78}},"82":{"start":{"line":169,"column":6},"end":{"line":169,"column":53}},"83":{"start":{"line":170,"column":6},"end":{"line":170,"column":76}},"84":{"start":{"line":173,"column":5},"end":{"line":178,"column":7}},"85":{"start":{"line":174,"column":8},"end":{"line":174,"column":48}},"86":{"start":{"line":177,"column":8},"end":{"line":177,"column":49}},"87":{"start":{"line":179,"column":6},"end":{"line":179,"column":26}},"88":{"start":{"line":182,"column":2},"end":{"line":182,"column":32}},"89":{"start":{"line":183,"column":2},"end":{"line":188,"column":3}},"90":{"start":{"line":184,"column":4},"end":{"line":184,"column":21}},"91":{"start":{"line":187,"column":4},"end":{"line":187,"column":32}},"92":{"start":{"line":189,"column":2},"end":{"line":189,"column":13}},"93":{"start":{"line":190,"column":2},"end":{"line":190,"column":36}},"94":{"start":{"line":197,"column":0},"end":{"line":203,"column":11}},"95":{"start":{"line":199,"column":6},"end":{"line":201,"column":7}},"96":{"start":{"line":200,"column":12},"end":{"line":200,"column":53}},"97":{"start":{"line":202,"column":6},"end":{"line":202,"column":25}},"98":{"start":{"line":210,"column":2},"end":{"line":214,"column":5}},"99":{"start":{"line":211,"column":4},"end":{"line":213,"column":5}},"100":{"start":{"line":212,"column":8},"end":{"line":212,"column":49}},"101":{"start":{"line":221,"column":2},"end":{"line":225,"column":5}},"102":{"start":{"line":222,"column":4},"end":{"line":224,"column":5}},"103":{"start":{"line":223,"column":8},"end":{"line":223,"column":47}},"104":{"start":{"line":232,"column":4},"end":{"line":232,"column":14}},"105":{"start":{"line":233,"column":4},"end":{"line":239,"column":5}},"106":{"start":{"line":234,"column":8},"end":{"line":234,"column":20}},"107":{"start":{"line":235,"column":8},"end":{"line":235,"column":18}},"108":{"start":{"line":236,"column":8},"end":{"line":238,"column":9}},"109":{"start":{"line":237,"column":12},"end":{"line":237,"column":24}},"110":{"start":{"line":240,"column":4},"end":{"line":240,"column":150}},"111":{"start":{"line":241,"column":4},"end":{"line":241,"column":17}},"112":{"start":{"line":248,"column":4},"end":{"line":248,"column":45}},"113":{"start":{"line":255,"column":4},"end":{"line":255,"column":23}},"114":{"start":{"line":261,"column":1},"end":{"line":271,"column":3}},"115":{"start":{"line":262,"column":18},"end":{"line":262,"column":49}},"116":{"start":{"line":263,"column":22},"end":{"line":263,"column":34}},"117":{"start":{"line":264,"column":4},"end":{"line":267,"column":5}},"118":{"start":{"line":265,"column":6},"end":{"line":265,"column":59}},"119":{"start":{"line":266,"column":6},"end":{"line":266,"column":13}},"120":{"start":{"line":268,"column":2},"end":{"line":268,"column":16}},"121":{"start":{"line":273,"column":0},"end":{"line":273,"column":19}},"122":{"start":{"line":274,"column":0},"end":{"line":274,"column":18}},"123":{"start":{"line":275,"column":0},"end":{"line":275,"column":19}},"124":{"start":{"line":276,"column":0},"end":{"line":276,"column":13}},"125":{"start":{"line":277,"column":0},"end":{"line":277,"column":14}}},"fnMap":{"0":{"name":"shuffleQuestions","decl":{"start":{"line":37,"column":9},"end":{"line":37,"column":25}},"loc":{"start":{"line":37,"column":27},"end":{"line":39,"column":1}},"line":37},"1":{"name":"(anonymous_1)","decl":{"start":{"line":38,"column":37},"end":{"line":38,"column":38}},"loc":{"start":{"line":38,"column":43},"end":{"line":38,"column":62}},"line":38},"2":{"name":"setTopScore","decl":{"start":{"line":44,"column":9},"end":{"line":44,"column":20}},"loc":{"start":{"line":44,"column":36},"end":{"line":49,"column":1}},"line":44},"3":{"name":"getTopScore","decl":{"start":{"line":54,"column":10},"end":{"line":54,"column":21}},"loc":{"start":{"line":54,"column":37},"end":{"line":56,"column":1}},"line":54},"4":{"name":"displayTopScore","decl":{"start":{"line":61,"column":10},"end":{"line":61,"column":25}},"loc":{"start":{"line":61,"column":27},"end":{"line":69,"column":2}},"line":61},"5":{"name":"displayQuestions","decl":{"start":{"line":74,"column":9},"end":{"line":74,"column":25}},"loc":{"start":{"line":74,"column":27},"end":{"line":98,"column":1}},"line":74},"6":{"name":"displayNewQuestion","decl":{"start":{"line":104,"column":9},"end":{"line":104,"column":27}},"loc":{"start":{"line":104,"column":29},"end":{"line":118,"column":1}},"line":104},"7":{"name":"updatePercentage","decl":{"start":{"line":123,"column":9},"end":{"line":123,"column":25}},"loc":{"start":{"line":123,"column":27},"end":{"line":128,"column":1}},"line":123},"8":{"name":"displayQuizResults","decl":{"start":{"line":133,"column":9},"end":{"line":133,"column":27}},"loc":{"start":{"line":133,"column":29},"end":{"line":157,"column":3}},"line":133},"9":{"name":"checkAnswer","decl":{"start":{"line":162,"column":9},"end":{"line":162,"column":20}},"loc":{"start":{"line":162,"column":22},"end":{"line":191,"column":1}},"line":162},"10":{"name":"waitOneSecondBeforeNextQuestion","decl":{"start":{"line":196,"column":9},"end":{"line":196,"column":40}},"loc":{"start":{"line":196,"column":42},"end":{"line":204,"column":1}},"line":196},"11":{"name":"(anonymous_11)","decl":{"start":{"line":197,"column":11},"end":{"line":197,"column":12}},"loc":{"start":{"line":198,"column":4},"end":{"line":203,"column":3}},"line":198},"12":{"name":"(anonymous_12)","decl":{"start":{"line":199,"column":35},"end":{"line":199,"column":36}},"loc":{"start":{"line":199,"column":46},"end":{"line":201,"column":5}},"line":199},"13":{"name":"displayCorrectAnswerInGreen","decl":{"start":{"line":209,"column":9},"end":{"line":209,"column":36}},"loc":{"start":{"line":209,"column":39},"end":{"line":215,"column":1}},"line":209},"14":{"name":"(anonymous_14)","decl":{"start":{"line":210,"column":31},"end":{"line":210,"column":32}},"loc":{"start":{"line":210,"column":42},"end":{"line":214,"column":3}},"line":210},"15":{"name":"displayCorrectAnswerInRed","decl":{"start":{"line":220,"column":9},"end":{"line":220,"column":34}},"loc":{"start":{"line":220,"column":37},"end":{"line":226,"column":1}},"line":220},"16":{"name":"(anonymous_16)","decl":{"start":{"line":221,"column":31},"end":{"line":221,"column":32}},"loc":{"start":{"line":221,"column":42},"end":{"line":225,"column":3}},"line":221},"17":{"name":"addTimerDetails","decl":{"start":{"line":231,"column":9},"end":{"line":231,"column":24}},"loc":{"start":{"line":231,"column":27},"end":{"line":242,"column":1}},"line":231},"18":{"name":"startTimer","decl":{"start":{"line":247,"column":9},"end":{"line":247,"column":19}},"loc":{"start":{"line":247,"column":22},"end":{"line":249,"column":1}},"line":247},"19":{"name":"stopTimer","decl":{"start":{"line":254,"column":9},"end":{"line":254,"column":18}},"loc":{"start":{"line":254,"column":21},"end":{"line":256,"column":1}},"line":254},"20":{"name":"submitAnswerClicked","decl":{"start":{"line":261,"column":36},"end":{"line":261,"column":55}},"loc":{"start":{"line":261,"column":57},"end":{"line":271,"column":1}},"line":261}},"branchMap":{"0":{"loc":{"start":{"line":46,"column":2},"end":{"line":48,"column":3}},"type":"if","locations":[{"start":{"line":46,"column":2},"end":{"line":48,"column":3}},{"start":{"line":46,"column":2},"end":{"line":48,"column":3}}],"line":46},"1":{"loc":{"start":{"line":62,"column":3},"end":{"line":68,"column":4}},"type":"if","locations":[{"start":{"line":62,"column":3},"end":{"line":68,"column":4}},{"start":{"line":62,"column":3},"end":{"line":68,"column":4}}],"line":62},"2":{"loc":{"start":{"line":78,"column":2},"end":{"line":94,"column":3}},"type":"if","locations":[{"start":{"line":78,"column":2},"end":{"line":94,"column":3}},{"start":{"line":78,"column":2},"end":{"line":94,"column":3}}],"line":78},"3":{"loc":{"start":{"line":136,"column":6},"end":{"line":155,"column":7}},"type":"if","locations":[{"start":{"line":136,"column":6},"end":{"line":155,"column":7}},{"start":{"line":136,"column":6},"end":{"line":155,"column":7}}],"line":136},"4":{"loc":{"start":{"line":166,"column":4},"end":{"line":180,"column":5}},"type":"if","locations":[{"start":{"line":166,"column":4},"end":{"line":180,"column":5}},{"start":{"line":166,"column":4},"end":{"line":180,"column":5}}],"line":166},"5":{"loc":{"start":{"line":173,"column":5},"end":{"line":178,"column":7}},"type":"if","locations":[{"start":{"line":173,"column":5},"end":{"line":178,"column":7}},{"start":{"line":173,"column":5},"end":{"line":178,"column":7}}],"line":173},"6":{"loc":{"start":{"line":183,"column":2},"end":{"line":188,"column":3}},"type":"if","locations":[{"start":{"line":183,"column":2},"end":{"line":188,"column":3}},{"start":{"line":183,"column":2},"end":{"line":188,"column":3}}],"line":183},"7":{"loc":{"start":{"line":211,"column":4},"end":{"line":213,"column":5}},"type":"if","locations":[{"start":{"line":211,"column":4},"end":{"line":213,"column":5}},{"start":{"line":211,"column":4},"end":{"line":213,"column":5}}],"line":211},"8":{"loc":{"start":{"line":222,"column":4},"end":{"line":224,"column":5}},"type":"if","locations":[{"start":{"line":222,"column":4},"end":{"line":224,"column":5}},{"start":{"line":222,"column":4},"end":{"line":224,"column":5}}],"line":222},"9":{"loc":{"start":{"line":233,"column":4},"end":{"line":239,"column":5}},"type":"if","locations":[{"start":{"line":233,"column":4},"end":{"line":239,"column":5}},{"start":{"line":233,"column":4},"end":{"line":239,"column":5}}],"line":233},"10":{"loc":{"start":{"line":236,"column":8},"end":{"line":238,"column":9}},"type":"if","locations":[{"start":{"line":236,"column":8},"end":{"line":238,"column":9}},{"start":{"line":236,"column":8},"end":{"line":238,"column":9}}],"line":236},"11":{"loc":{"start":{"line":240,"column":44},"end":{"line":240,"column":100}},"type":"cond-expr","locations":[{"start":{"line":240,"column":55},"end":{"line":240,"column":92}},{"start":{"line":240,"column":96},"end":{"line":240,"column":100}}],"line":240},"12":{"loc":{"start":{"line":240,"column":55},"end":{"line":240,"column":92}},"type":"cond-expr","locations":[{"start":{"line":240,"column":69},"end":{"line":240,"column":76}},{"start":{"line":240,"column":79},"end":{"line":240,"column":92}}],"line":240},"13":{"loc":{"start":{"line":240,"column":111},"end":{"line":240,"column":148}},"type":"cond-expr","locations":[{"start":{"line":240,"column":125},"end":{"line":240,"column":132}},{"start":{"line":240,"column":135},"end":{"line":240,"column":148}}],"line":240},"14":{"loc":{"start":{"line":264,"column":4},"end":{"line":267,"column":5}},"type":"if","locations":[{"start":{"line":264,"column":4},"end":{"line":267,"column":5}},{"start":{"line":264,"column":4},"end":{"line":267,"column":5}}],"line":264}},"s":{"0":4,"1":4,"2":4,"3":4,"4":4,"5":4,"6":4,"7":4,"8":4,"9":4,"10":4,"11":4,"12":4,"13":4,"14":4,"15":4,"16":4,"17":4,"18":4,"19":79,"20":2,"21":2,"22":0,"23":4,"24":6,"25":0,"26":6,"27":6,"28":24,"29":24,"30":24,"31":24,"32":2,"33":2,"34":2,"35":2,"36":2,"37":2,"38":2,"39":2,"40":2,"41":2,"42":2,"43":2,"44":2,"45":2,"46":22,"47":22,"48":22,"49":22,"50":22,"51":22,"52":22,"53":22,"54":22,"55":22,"56":22,"57":22,"58":22,"59":22,"60":22,"61":22,"62":22,"63":2,"64":2,"65":20,"66":5,"67":5,"68":5,"69":5,"70":5,"71":15,"72":15,"73":15,"74":15,"75":15,"76":20,"77":20,"78":20,"79":80,"80":20,"81":20,"82":20,"83":20,"84":20,"85":5,"86":15,"87":20,"88":20,"89":20,"90":5,"91":15,"92":20,"93":20,"94":20,"95":20,"96":80,"97":20,"98":20,"99":80,"100":20,"101":15,"102":60,"103":15,"104":24,"105":24,"106":0,"107":0,"108":0,"109":0,"110":24,"111":24,"112":28,"113":2,"114":4,"115":20,"116":20,"117":20,"118":0,"119":0,"120":20,"121":4,"122":4,"123":4,"124":4,"125":4},"f":{"0":4,"1":79,"2":2,"3":4,"4":6,"5":24,"6":22,"7":22,"8":2,"9":20,"10":20,"11":20,"12":80,"13":20,"14":80,"15":15,"16":60,"17":24,"18":28,"19":2,"20":20},"b":{"0":[0,2],"1":[0,6],"2":[2,22],"3":[5,15],"4":[20,60],"5":[5,15],"6":[5,15],"7":[20,60],"8":[15,45],"9":[0,24],"10":[0,0],"11":[0,24],"12":[0,0],"13":[6,18],"14":[0,20]},"_coverageSchema":"1a1c01bbd47fc00a2c39e90264f33305004495a9","hash":"4c45aeb9f9522be5ce90910d1d7608ffe9ba3c9d"}
,"C:\\Users\\paulm\\Code Institute\\CodeInstitute-MilestoneProject2-BicepMusicFanSite\\assets\\js\\sendEmail.js": {"path":"C:\\Users\\paulm\\Code Institute\\CodeInstitute-MilestoneProject2-BicepMusicFanSite\\assets\\js\\sendEmail.js","statementMap":{"0":{"start":{"line":7,"column":4},"end":{"line":7,"column":47}},"1":{"start":{"line":8,"column":4},"end":{"line":18,"column":6}},"2":{"start":{"line":13,"column":12},"end":{"line":13,"column":48}},"3":{"start":{"line":16,"column":12},"end":{"line":16,"column":41}},"4":{"start":{"line":19,"column":4},"end":{"line":19,"column":17}},"5":{"start":{"line":23,"column":0},"end":{"line":25,"column":3}},"6":{"start":{"line":24,"column":4},"end":{"line":24,"column":41}}},"fnMap":{"0":{"name":"sendMail","decl":{"start":{"line":6,"column":9},"end":{"line":6,"column":17}},"loc":{"start":{"line":6,"column":31},"end":{"line":20,"column":1}},"line":6},"1":{"name":"(anonymous_1)","decl":{"start":{"line":12,"column":8},"end":{"line":12,"column":9}},"loc":{"start":{"line":12,"column":28},"end":{"line":14,"column":9}},"line":12},"2":{"name":"(anonymous_2)","decl":{"start":{"line":15,"column":8},"end":{"line":15,"column":9}},"loc":{"start":{"line":15,"column":25},"end":{"line":17,"column":9}},"line":15},"3":{"name":"(anonymous_3)","decl":{"start":{"line":23,"column":35},"end":{"line":23,"column":36}},"loc":{"start":{"line":23,"column":47},"end":{"line":25,"column":1}},"line":23}},"branchMap":{},"s":{"0":2,"1":2,"2":2,"3":0,"4":2,"5":6,"6":2},"f":{"0":2,"1":2,"2":0,"3":2},"b":{},"_coverageSchema":"1a1c01bbd47fc00a2c39e90264f33305004495a9","hash":"dd03e5ea9931e6f47033b4364a844327f9aef90a"}
}
