{"total": {"lines":{"total":296,"covered":279,"skipped":0,"pct":94.26},"statements":{"total":304,"covered":287,"skipped":0,"pct":94.41},"functions":{"total":58,"covered":55,"skipped":0,"pct":94.83},"branches":{"total":66,"covered":51,"skipped":0,"pct":77.27}}
,"C:\\Users\\paulm\\Code Institute\\CodeInstitute-MilestoneProject2-BicepMusicFanSite\\assets\\js\\about.js": {"lines":{"total":61,"covered":61,"skipped":0,"pct":100},"functions":{"total":12,"covered":12,"skipped":0,"pct":100},"statements":{"total":65,"covered":65,"skipped":0,"pct":100},"branches":{"total":2,"covered":2,"skipped":0,"pct":100}}
,"C:\\Users\\paulm\\Code Institute\\CodeInstitute-MilestoneProject2-BicepMusicFanSite\\assets\\js\\events.js": {"lines":{"total":103,"covered":91,"skipped":0,"pct":88.35},"functions":{"total":21,"covered":19,"skipped":0,"pct":90.48},"statements":{"total":105,"covered":93,"skipped":0,"pct":88.57},"branches":{"total":34,"covered":25,"skipped":0,"pct":73.53}}
,"C:\\Users\\paulm\\Code Institute\\CodeInstitute-MilestoneProject2-BicepMusicFanSite\\assets\\js\\questions.js": {"lines":{"total":1,"covered":1,"skipped":0,"pct":100},"functions":{"total":0,"covered":0,"skipped":0,"pct":100},"statements":{"total":1,"covered":1,"skipped":0,"pct":100},"branches":{"total":0,"covered":0,"skipped":0,"pct":100}}
,"C:\\Users\\paulm\\Code Institute\\CodeInstitute-MilestoneProject2-BicepMusicFanSite\\assets\\js\\quiz.js": {"lines":{"total":124,"covered":120,"skipped":0,"pct":96.77},"functions":{"total":21,"covered":21,"skipped":0,"pct":100},"statements":{"total":126,"covered":122,"skipped":0,"pct":96.83},"branches":{"total":30,"covered":24,"skipped":0,"pct":80}}
,"C:\\Users\\paulm\\Code Institute\\CodeInstitute-MilestoneProject2-BicepMusicFanSite\\assets\\js\\sendEmail.js": {"lines":{"total":7,"covered":6,"skipped":0,"pct":85.71},"functions":{"total":4,"covered":3,"skipped":0,"pct":75},"statements":{"total":7,"covered":6,"skipped":0,"pct":85.71},"branches":{"total":0,"covered":0,"skipped":0,"pct":100}}
}
