{"total": {"lines":{"total":296,"covered":268,"skipped":0,"pct":90.54},"statements":{"total":304,"covered":275,"skipped":0,"pct":90.46},"functions":{"total":58,"covered":54,"skipped":0,"pct":93.1},"branches":{"total":66,"covered":45,"skipped":0,"pct":68.18}}
,"C:\\Users\\paulm\\Code Institute\\CodeInstitute-MilestoneProject2-BicepMusicFanSite\\assets\\js\\about.js": {"lines":{"total":61,"covered":55,"skipped":0,"pct":90.16},"functions":{"total":12,"covered":11,"skipped":0,"pct":91.67},"statements":{"total":65,"covered":58,"skipped":0,"pct":89.23},"branches":{"total":2,"covered":0,"skipped":0,"pct":0}}
,"C:\\Users\\paulm\\Code Institute\\CodeInstitute-MilestoneProject2-BicepMusicFanSite\\assets\\js\\events.js": {"lines":{"total":103,"covered":90,"skipped":0,"pct":87.38},"functions":{"total":21,"covered":19,"skipped":0,"pct":90.48},"statements":{"total":105,"covered":92,"skipped":0,"pct":87.62},"branches":{"total":34,"covered":24,"skipped":0,"pct":70.59}}
,"C:\\Users\\paulm\\Code Institute\\CodeInstitute-MilestoneProject2-BicepMusicFanSite\\assets\\js\\questions.js": {"lines":{"total":1,"covered":1,"skipped":0,"pct":100},"functions":{"total":0,"covered":0,"skipped":0,"pct":100},"statements":{"total":1,"covered":1,"skipped":0,"pct":100},"branches":{"total":0,"covered":0,"skipped":0,"pct":100}}
,"C:\\Users\\paulm\\Code Institute\\CodeInstitute-MilestoneProject2-BicepMusicFanSite\\assets\\js\\quiz.js": {"lines":{"total":124,"covered":116,"skipped":0,"pct":93.55},"functions":{"total":21,"covered":21,"skipped":0,"pct":100},"statements":{"total":126,"covered":118,"skipped":0,"pct":93.65},"branches":{"total":30,"covered":21,"skipped":0,"pct":70}}
,"C:\\Users\\paulm\\Code Institute\\CodeInstitute-MilestoneProject2-BicepMusicFanSite\\assets\\js\\sendEmail.js": {"lines":{"total":7,"covered":6,"skipped":0,"pct":85.71},"functions":{"total":4,"covered":3,"skipped":0,"pct":75},"statements":{"total":7,"covered":6,"skipped":0,"pct":85.71},"branches":{"total":0,"covered":0,"skipped":0,"pct":100}}
}
