TN:
SF:assets\js\about.js
FN:13,(anonymous_0)
FN:30,(anonymous_1)
FN:43,(anonymous_2)
FN:55,(anonymous_3)
FN:69,displayAlbum1
FN:92,displayAlbum2
FN:114,displayTopTracks
FN:125,topTrackClicked
FN:139,(anonymous_8)
FN:140,(anonymous_9)
FN:144,(anonymous_10)
FN:149,(anonymous_11)
FNF:12
FNH:11
FNDA:2,(anonymous_0)
FNDA:2,(anonymous_1)
FNDA:2,(anonymous_2)
FNDA:2,(anonymous_3)
FNDA:2,displayAlbum1
FNDA:2,displayAlbum2
FNDA:4,displayTopTracks
FNDA:0,topTrackClicked
FNDA:2,(anonymous_8)
FNDA:2,(anonymous_9)
FNDA:2,(anonymous_10)
FNDA:2,(anonymous_11)
DA:3,2
DA:4,2
DA:5,2
DA:6,2
DA:7,2
DA:13,2
DA:14,2
DA:23,2
DA:24,2
DA:30,2
DA:31,2
DA:35,2
DA:37,2
DA:43,2
DA:44,2
DA:48,2
DA:49,2
DA:55,2
DA:56,2
DA:61,2
DA:62,2
DA:71,2
DA:72,2
DA:73,2
DA:74,2
DA:75,24
DA:76,24
DA:78,24
DA:81,2
DA:82,2
DA:83,2
DA:84,2
DA:94,2
DA:95,2
DA:96,2
DA:97,2
DA:98,20
DA:99,20
DA:101,20
DA:104,2
DA:105,2
DA:106,2
DA:107,2
DA:115,4
DA:116,4
DA:117,20
DA:125,2
DA:126,0
DA:127,0
DA:128,0
DA:129,0
DA:130,0
DA:131,0
DA:139,2
DA:140,2
DA:141,2
DA:144,2
DA:145,2
DA:146,2
DA:149,2
DA:150,2
LF:61
LH:55
BRDA:128,0,0,0
BRDA:128,0,1,0
BRF:2
BRH:0
end_of_record
TN:
SF:assets\js\events.js
FN:15,getEvents
FN:34,(anonymous_1)
FN:39,(anonymous_2)
FN:54,getEventsForSubsequentPages
FN:74,(anonymous_4)
FN:79,(anonymous_5)
FN:90,displayEvents
FN:128,initMap
FN:145,geocodeAddress
FN:146,(anonymous_9)
FN:164,displayPagination
FN:179,updatePaginationWhenPreviousClicked
FN:194,updatePaginationWhenNextClicked
FN:207,updatePaginationWhenPageSelected
FN:223,isPrevAvailable
FN:233,isNextAvailable
FN:246,eventPageClicked
FN:260,(anonymous_17)
FN:269,(anonymous_18)
FN:277,previousButtonClicked
FN:287,nextButtonClicked
FNF:21
FNH:19
FNDA:2,getEvents
FNDA:2,(anonymous_1)
FNDA:0,(anonymous_2)
FNDA:18,getEventsForSubsequentPages
FNDA:18,(anonymous_4)
FNDA:0,(anonymous_5)
FNDA:20,displayEvents
FNDA:38,initMap
FNDA:38,geocodeAddress
FNDA:38,(anonymous_9)
FNDA:2,displayPagination
FNDA:8,updatePaginationWhenPreviousClicked
FNDA:8,updatePaginationWhenNextClicked
FNDA:2,updatePaginationWhenPageSelected
FNDA:18,isPrevAvailable
FNDA:18,isNextAvailable
FNDA:2,eventPageClicked
FNDA:2,(anonymous_17)
FNDA:2,(anonymous_18)
FNDA:8,previousButtonClicked
FNDA:8,nextButtonClicked
DA:2,2
DA:5,2
DA:17,2
DA:18,0
DA:19,0
DA:21,2
DA:22,0
DA:23,0
DA:28,2
DA:35,2
DA:36,2
DA:37,2
DA:41,0
DA:56,18
DA:57,0
DA:58,0
DA:60,18
DA:61,16
DA:62,0
DA:68,18
DA:75,18
DA:76,18
DA:77,18
DA:81,0
DA:91,20
DA:92,20
DA:93,20
DA:95,20
DA:96,38
DA:97,38
DA:98,38
DA:99,38
DA:100,38
DA:101,38
DA:102,20
DA:103,20
DA:104,20
DA:105,20
DA:108,18
DA:109,18
DA:111,18
DA:112,18
DA:115,0
DA:117,38
DA:129,38
DA:133,38
DA:134,38
DA:146,38
DA:147,38
DA:148,24
DA:149,24
DA:154,14
DA:165,2
DA:166,2
DA:167,10
DA:168,2
DA:169,2
DA:172,8
DA:180,8
DA:181,0
DA:183,8
DA:185,8
DA:186,6
DA:188,2
DA:195,8
DA:196,2
DA:198,6
DA:200,8
DA:201,8
DA:208,2
DA:209,0
DA:211,2
DA:214,2
DA:215,0
DA:217,2
DA:224,18
DA:225,16
DA:227,2
DA:234,18
DA:235,16
DA:237,2
DA:246,2
DA:247,2
DA:248,2
DA:249,2
DA:251,2
DA:252,2
DA:260,2
DA:261,2
DA:262,2
DA:269,2
DA:270,2
DA:271,2
DA:277,2
DA:278,8
DA:279,8
DA:280,8
DA:287,2
DA:288,8
DA:289,8
DA:290,8
DA:291,8
DA:294,2
LF:103
LH:90
BRDA:17,0,0,0
BRDA:17,0,1,2
BRDA:21,1,0,0
BRDA:21,1,1,2
BRDA:22,2,0,0
BRDA:22,2,1,0
BRDA:56,3,0,0
BRDA:56,3,1,18
BRDA:60,4,0,16
BRDA:60,4,1,2
BRDA:61,5,0,0
BRDA:61,5,1,16
BRDA:101,6,0,20
BRDA:101,6,1,18
BRDA:147,7,0,24
BRDA:147,7,1,14
BRDA:167,8,0,2
BRDA:167,8,1,8
BRDA:180,9,0,0
BRDA:180,9,1,8
BRDA:185,10,0,6
BRDA:185,10,1,2
BRDA:195,11,0,2
BRDA:195,11,1,6
BRDA:200,12,0,8
BRDA:200,12,1,0
BRDA:208,13,0,0
BRDA:208,13,1,2
BRDA:214,14,0,0
BRDA:214,14,1,2
BRDA:224,15,0,16
BRDA:224,15,1,2
BRDA:234,16,0,16
BRDA:234,16,1,2
BRF:34
BRH:24
end_of_record
TN:
SF:assets\js\questions.js
FNF:0
FNH:0
DA:1,4
LF:1
LH:1
BRF:0
BRH:0
end_of_record
TN:
SF:assets\js\quiz.js
FN:37,shuffleQuestions
FN:38,(anonymous_1)
FN:44,setTopScore
FN:54,getTopScore
FN:61,displayTopScore
FN:74,displayQuestions
FN:104,displayNewQuestion
FN:123,updatePercentage
FN:133,displayQuizResults
FN:162,checkAnswer
FN:196,waitOneSecondBeforeNextQuestion
FN:197,(anonymous_11)
FN:199,(anonymous_12)
FN:209,displayCorrectAnswerInGreen
FN:210,(anonymous_14)
FN:220,displayCorrectAnswerInRed
FN:221,(anonymous_16)
FN:231,addTimerDetails
FN:247,startTimer
FN:254,stopTimer
FN:261,submitAnswerClicked
FNF:21
FNH:21
FNDA:4,shuffleQuestions
FNDA:79,(anonymous_1)
FNDA:2,setTopScore
FNDA:4,getTopScore
FNDA:6,displayTopScore
FNDA:24,displayQuestions
FNDA:22,displayNewQuestion
FNDA:22,updatePercentage
FNDA:2,displayQuizResults
FNDA:20,checkAnswer
FNDA:20,waitOneSecondBeforeNextQuestion
FNDA:20,(anonymous_11)
FNDA:80,(anonymous_12)
FNDA:20,displayCorrectAnswerInGreen
FNDA:80,(anonymous_14)
FNDA:15,displayCorrectAnswerInRed
FNDA:60,(anonymous_16)
FNDA:24,addTimerDetails
FNDA:28,startTimer
FNDA:2,stopTimer
FNDA:20,submitAnswerClicked
DA:3,4
DA:4,4
DA:5,4
DA:6,4
DA:14,4
DA:15,4
DA:16,4
DA:17,4
DA:18,4
DA:19,4
DA:20,4
DA:21,4
DA:22,4
DA:23,4
DA:24,4
DA:29,4
DA:30,4
DA:31,4
DA:38,79
DA:45,2
DA:46,2
DA:47,0
DA:55,4
DA:62,6
DA:63,0
DA:66,6
DA:67,6
DA:75,24
DA:76,24
DA:77,24
DA:78,24
DA:79,2
DA:80,2
DA:81,2
DA:82,2
DA:83,2
DA:84,2
DA:85,2
DA:86,2
DA:87,2
DA:89,2
DA:90,2
DA:91,2
DA:92,2
DA:93,2
DA:95,22
DA:96,22
DA:97,22
DA:105,22
DA:107,22
DA:108,22
DA:109,22
DA:110,22
DA:111,22
DA:113,22
DA:114,22
DA:115,22
DA:116,22
DA:117,22
DA:124,22
DA:125,22
DA:126,22
DA:134,2
DA:135,2
DA:136,20
DA:137,5
DA:138,5
DA:140,5
DA:142,5
DA:144,5
DA:147,15
DA:148,15
DA:150,15
DA:152,15
DA:154,15
DA:163,20
DA:165,20
DA:166,80
DA:167,20
DA:168,20
DA:169,20
DA:170,20
DA:173,20
DA:174,5
DA:177,15
DA:179,20
DA:182,20
DA:183,20
DA:184,5
DA:187,15
DA:189,20
DA:190,20
DA:197,20
DA:199,20
DA:200,80
DA:202,20
DA:210,20
DA:211,80
DA:212,20
DA:221,15
DA:222,60
DA:223,15
DA:232,24
DA:233,24
DA:234,0
DA:235,0
DA:236,0
DA:237,0
DA:240,24
DA:241,24
DA:248,28
DA:255,2
DA:261,4
DA:262,20
DA:263,20
DA:264,20
DA:265,0
DA:266,0
DA:268,20
DA:273,4
DA:274,4
DA:275,4
DA:276,4
DA:277,4
LF:124
LH:116
BRDA:46,0,0,0
BRDA:46,0,1,2
BRDA:62,1,0,0
BRDA:62,1,1,6
BRDA:78,2,0,2
BRDA:78,2,1,22
BRDA:136,3,0,5
BRDA:136,3,1,15
BRDA:166,4,0,20
BRDA:166,4,1,60
BRDA:173,5,0,5
BRDA:173,5,1,15
BRDA:183,6,0,5
BRDA:183,6,1,15
BRDA:211,7,0,20
BRDA:211,7,1,60
BRDA:222,8,0,15
BRDA:222,8,1,45
BRDA:233,9,0,0
BRDA:233,9,1,24
BRDA:236,10,0,0
BRDA:236,10,1,0
BRDA:240,11,0,0
BRDA:240,11,1,24
BRDA:240,12,0,0
BRDA:240,12,1,0
BRDA:240,13,0,6
BRDA:240,13,1,18
BRDA:264,14,0,0
BRDA:264,14,1,20
BRF:30
BRH:21
end_of_record
TN:
SF:assets\js\sendEmail.js
FN:6,sendMail
FN:12,(anonymous_1)
FN:15,(anonymous_2)
FN:23,(anonymous_3)
FNF:4
FNH:3
FNDA:2,sendMail
FNDA:2,(anonymous_1)
FNDA:0,(anonymous_2)
FNDA:2,(anonymous_3)
DA:7,2
DA:8,2
DA:13,2
DA:16,0
DA:19,2
DA:23,6
DA:24,2
LF:7
LH:6
BRF:0
BRH:0
end_of_record
