TN:
SF:assets\js\about.js
FN:13,(anonymous_0)
FN:30,(anonymous_1)
FN:43,(anonymous_2)
FN:55,(anonymous_3)
FN:69,displayAlbum1
FN:92,displayAlbum2
FN:114,displayTopTracks
FN:125,topTrackClicked
FN:139,(anonymous_8)
FN:140,(anonymous_9)
FN:144,(anonymous_10)
FN:149,(anonymous_11)
FNF:12
FNH:12
FNDA:4,(anonymous_0)
FNDA:4,(anonymous_1)
FNDA:4,(anonymous_2)
FNDA:4,(anonymous_3)
FNDA:4,displayAlbum1
FNDA:4,displayAlbum2
FNDA:8,displayTopTracks
FNDA:40,topTrackClicked
FNDA:4,(anonymous_8)
FNDA:4,(anonymous_9)
FNDA:4,(anonymous_10)
FNDA:4,(anonymous_11)
DA:3,4
DA:4,4
DA:5,4
DA:6,4
DA:7,4
DA:13,4
DA:14,4
DA:23,4
DA:24,4
DA:30,4
DA:31,4
DA:35,4
DA:37,4
DA:43,4
DA:44,4
DA:48,4
DA:49,4
DA:55,4
DA:56,4
DA:61,4
DA:62,4
DA:71,4
DA:72,4
DA:73,4
DA:74,4
DA:75,48
DA:76,48
DA:78,48
DA:81,4
DA:82,4
DA:83,4
DA:84,4
DA:94,4
DA:95,4
DA:96,4
DA:97,4
DA:98,40
DA:99,40
DA:101,40
DA:104,4
DA:105,4
DA:106,4
DA:107,4
DA:115,8
DA:116,8
DA:117,40
DA:125,4
DA:126,40
DA:127,40
DA:128,400
DA:129,40
DA:130,40
DA:131,40
DA:139,4
DA:140,4
DA:141,4
DA:144,4
DA:145,4
DA:146,4
DA:149,4
DA:150,4
LF:61
LH:61
BRDA:128,0,0,40
BRDA:128,0,1,360
BRF:2
BRH:2
end_of_record
TN:
SF:assets\js\events.js
FN:15,getEvents
FN:34,(anonymous_1)
FN:39,(anonymous_2)
FN:54,getEventsForSubsequentPages
FN:74,(anonymous_4)
FN:79,(anonymous_5)
FN:90,displayEvents
FN:128,initMap
FN:145,geocodeAddress
FN:146,(anonymous_9)
FN:164,displayPagination
FN:179,updatePaginationWhenPreviousClicked
FN:194,updatePaginationWhenNextClicked
FN:207,updatePaginationWhenPageSelected
FN:223,isPrevAvailable
FN:233,isNextAvailable
FN:246,eventPageClicked
FN:260,(anonymous_17)
FN:269,(anonymous_18)
FN:277,previousButtonClicked
FN:287,nextButtonClicked
FNF:21
FNH:19
FNDA:4,getEvents
FNDA:4,(anonymous_1)
FNDA:0,(anonymous_2)
FNDA:48,getEventsForSubsequentPages
FNDA:48,(anonymous_4)
FNDA:0,(anonymous_5)
FNDA:52,displayEvents
FNDA:96,initMap
FNDA:96,geocodeAddress
FNDA:88,(anonymous_9)
FNDA:4,displayPagination
FNDA:16,updatePaginationWhenPreviousClicked
FNDA:16,updatePaginationWhenNextClicked
FNDA:16,updatePaginationWhenPageSelected
FNDA:48,isPrevAvailable
FNDA:48,isNextAvailable
FNDA:16,eventPageClicked
FNDA:4,(anonymous_17)
FNDA:4,(anonymous_18)
FNDA:16,previousButtonClicked
FNDA:16,nextButtonClicked
DA:2,4
DA:5,4
DA:17,4
DA:18,0
DA:19,0
DA:21,4
DA:22,0
DA:23,0
DA:28,4
DA:35,4
DA:36,4
DA:37,4
DA:41,0
DA:56,48
DA:57,0
DA:58,0
DA:60,48
DA:61,44
DA:62,0
DA:68,48
DA:75,48
DA:76,48
DA:77,48
DA:81,0
DA:91,52
DA:92,52
DA:93,52
DA:95,52
DA:96,96
DA:97,96
DA:98,96
DA:99,96
DA:100,96
DA:101,96
DA:102,52
DA:103,52
DA:104,52
DA:105,52
DA:108,44
DA:109,44
DA:111,44
DA:112,44
DA:115,0
DA:117,96
DA:129,96
DA:133,96
DA:134,96
DA:146,96
DA:147,88
DA:148,84
DA:149,84
DA:154,4
DA:165,4
DA:166,4
DA:167,20
DA:168,4
DA:169,4
DA:172,16
DA:180,16
DA:181,0
DA:183,16
DA:185,16
DA:186,12
DA:188,4
DA:195,16
DA:196,4
DA:198,12
DA:200,16
DA:201,16
DA:208,16
DA:209,4
DA:211,12
DA:214,16
DA:215,0
DA:217,16
DA:224,48
DA:225,44
DA:227,4
DA:234,48
DA:235,40
DA:237,8
DA:246,4
DA:247,16
DA:248,16
DA:249,16
DA:251,16
DA:252,16
DA:260,4
DA:261,4
DA:262,4
DA:269,4
DA:270,4
DA:271,4
DA:277,4
DA:278,16
DA:279,16
DA:280,16
DA:287,4
DA:288,16
DA:289,16
DA:290,16
DA:291,16
DA:294,4
LF:103
LH:91
BRDA:17,0,0,0
BRDA:17,0,1,4
BRDA:21,1,0,0
BRDA:21,1,1,4
BRDA:22,2,0,0
BRDA:22,2,1,0
BRDA:56,3,0,0
BRDA:56,3,1,48
BRDA:60,4,0,44
BRDA:60,4,1,4
BRDA:61,5,0,0
BRDA:61,5,1,44
BRDA:101,6,0,52
BRDA:101,6,1,44
BRDA:147,7,0,84
BRDA:147,7,1,4
BRDA:167,8,0,4
BRDA:167,8,1,16
BRDA:180,9,0,0
BRDA:180,9,1,16
BRDA:185,10,0,12
BRDA:185,10,1,4
BRDA:195,11,0,4
BRDA:195,11,1,12
BRDA:200,12,0,16
BRDA:200,12,1,0
BRDA:208,13,0,4
BRDA:208,13,1,12
BRDA:214,14,0,0
BRDA:214,14,1,16
BRDA:224,15,0,44
BRDA:224,15,1,4
BRDA:234,16,0,40
BRDA:234,16,1,8
BRF:34
BRH:25
end_of_record
TN:
SF:assets\js\questions.js
FNF:0
FNH:0
DA:1,11
LF:1
LH:1
BRF:0
BRH:0
end_of_record
TN:
SF:assets\js\quiz.js
FN:37,shuffleQuestions
FN:38,(anonymous_1)
FN:44,setTopScore
FN:54,getTopScore
FN:61,displayTopScore
FN:74,displayQuestions
FN:104,displayNewQuestion
FN:123,updatePercentage
FN:133,displayQuizResults
FN:162,checkAnswer
FN:196,waitOneSecondBeforeNextQuestion
FN:197,(anonymous_11)
FN:199,(anonymous_12)
FN:209,displayCorrectAnswerInGreen
FN:210,(anonymous_14)
FN:220,displayCorrectAnswerInRed
FN:221,(anonymous_16)
FN:231,addTimerDetails
FN:247,startTimer
FN:254,stopTimer
FN:261,submitAnswerClicked
FNF:21
FNH:21
FNDA:11,shuffleQuestions
FNDA:237,(anonymous_1)
FNDA:8,setTopScore
FNDA:11,getTopScore
FNDA:19,displayTopScore
FNDA:100,displayQuestions
FNDA:92,displayNewQuestion
FNDA:92,updatePercentage
FNDA:8,displayQuizResults
FNDA:89,checkAnswer
FNDA:89,waitOneSecondBeforeNextQuestion
FNDA:89,(anonymous_11)
FNDA:356,(anonymous_12)
FNDA:89,displayCorrectAnswerInGreen
FNDA:356,(anonymous_14)
FNDA:68,displayCorrectAnswerInRed
FNDA:272,(anonymous_16)
FNDA:151,addTimerDetails
FNDA:162,startTimer
FNDA:8,stopTimer
FNDA:92,submitAnswerClicked
DA:3,11
DA:4,11
DA:5,11
DA:6,11
DA:14,11
DA:15,11
DA:16,11
DA:17,11
DA:18,11
DA:19,11
DA:20,11
DA:21,11
DA:22,11
DA:23,11
DA:24,11
DA:29,11
DA:30,11
DA:31,11
DA:38,237
DA:45,8
DA:46,8
DA:47,4
DA:55,11
DA:62,19
DA:63,5
DA:66,14
DA:67,14
DA:75,100
DA:76,100
DA:77,100
DA:78,100
DA:79,8
DA:80,8
DA:81,8
DA:82,8
DA:83,8
DA:84,8
DA:85,8
DA:86,8
DA:87,8
DA:89,8
DA:90,8
DA:91,8
DA:92,8
DA:93,8
DA:95,92
DA:96,92
DA:97,92
DA:105,92
DA:107,92
DA:108,92
DA:109,92
DA:110,92
DA:111,92
DA:113,92
DA:114,92
DA:115,92
DA:116,92
DA:117,92
DA:124,92
DA:125,92
DA:126,92
DA:134,8
DA:135,8
DA:136,80
DA:137,20
DA:138,20
DA:140,20
DA:142,20
DA:144,20
DA:147,60
DA:148,60
DA:150,60
DA:152,60
DA:154,60
DA:163,89
DA:165,89
DA:166,356
DA:167,89
DA:168,89
DA:169,89
DA:170,89
DA:173,89
DA:174,21
DA:177,68
DA:179,89
DA:182,89
DA:183,89
DA:184,21
DA:187,68
DA:189,89
DA:190,89
DA:197,89
DA:199,89
DA:200,356
DA:202,89
DA:210,89
DA:211,356
DA:212,89
DA:221,68
DA:222,272
DA:223,68
DA:232,151
DA:233,151
DA:234,0
DA:235,0
DA:236,0
DA:237,0
DA:240,151
DA:241,151
DA:248,162
DA:255,8
DA:261,11
DA:262,92
DA:263,92
DA:264,92
DA:265,3
DA:266,3
DA:268,89
DA:273,11
DA:274,11
DA:275,11
DA:276,11
DA:277,11
LF:124
LH:120
BRDA:46,0,0,4
BRDA:46,0,1,4
BRDA:62,1,0,5
BRDA:62,1,1,14
BRDA:78,2,0,8
BRDA:78,2,1,92
BRDA:136,3,0,20
BRDA:136,3,1,60
BRDA:166,4,0,89
BRDA:166,4,1,267
BRDA:173,5,0,21
BRDA:173,5,1,68
BRDA:183,6,0,21
BRDA:183,6,1,68
BRDA:211,7,0,89
BRDA:211,7,1,267
BRDA:222,8,0,68
BRDA:222,8,1,204
BRDA:233,9,0,0
BRDA:233,9,1,151
BRDA:236,10,0,0
BRDA:236,10,1,0
BRDA:240,11,0,0
BRDA:240,11,1,151
BRDA:240,12,0,0
BRDA:240,12,1,0
BRDA:240,13,0,63
BRDA:240,13,1,88
BRDA:264,14,0,3
BRDA:264,14,1,89
BRF:30
BRH:24
end_of_record
TN:
SF:assets\js\sendEmail.js
FN:6,sendMail
FN:12,(anonymous_1)
FN:15,(anonymous_2)
FN:23,(anonymous_3)
FNF:4
FNH:3
FNDA:3,sendMail
FNDA:3,(anonymous_1)
FNDA:0,(anonymous_2)
FNDA:3,(anonymous_3)
DA:7,3
DA:8,3
DA:13,3
DA:16,0
DA:19,3
DA:23,13
DA:24,3
LF:7
LH:6
BRF:0
BRH:0
end_of_record
